mode: set
github.com/yoanyombapro1234/FeelGuuds/src/services/authentication_handler_service/gen/proto/authentication_handler_service.pb.go:40.48,40.79 1 1
github.com/yoanyombapro1234/FeelGuuds/src/services/authentication_handler_service/gen/proto/authentication_handler_service.pb.go:41.48,41.85 1 0
github.com/yoanyombapro1234/FeelGuuds/src/services/authentication_handler_service/gen/proto/authentication_handler_service.pb.go:42.49,42.50 0 0
github.com/yoanyombapro1234/FeelGuuds/src/services/authentication_handler_service/gen/proto/authentication_handler_service.pb.go:43.59,45.2 1 0
github.com/yoanyombapro1234/FeelGuuds/src/services/authentication_handler_service/gen/proto/authentication_handler_service.pb.go:46.62,48.2 1 1
github.com/yoanyombapro1234/FeelGuuds/src/services/authentication_handler_service/gen/proto/authentication_handler_service.pb.go:49.90,50.19 1 1
github.com/yoanyombapro1234/FeelGuuds/src/services/authentication_handler_service/gen/proto/authentication_handler_service.pb.go:50.19,52.3 1 0
github.com/yoanyombapro1234/FeelGuuds/src/services/authentication_handler_service/gen/proto/authentication_handler_service.pb.go:52.8,55.17 3 1
github.com/yoanyombapro1234/FeelGuuds/src/services/authentication_handler_service/gen/proto/authentication_handler_service.pb.go:58.3,58.20 1 1
github.com/yoanyombapro1234/FeelGuuds/src/services/authentication_handler_service/gen/proto/authentication_handler_service.pb.go:55.17,57.4 1 0
github.com/yoanyombapro1234/FeelGuuds/src/services/authentication_handler_service/gen/proto/authentication_handler_service.pb.go:61.61,63.2 1 0
github.com/yoanyombapro1234/FeelGuuds/src/services/authentication_handler_service/gen/proto/authentication_handler_service.pb.go:64.47,66.2 1 1
github.com/yoanyombapro1234/FeelGuuds/src/services/authentication_handler_service/gen/proto/authentication_handler_service.pb.go:67.53,69.2 1 0
github.com/yoanyombapro1234/FeelGuuds/src/services/authentication_handler_service/gen/proto/authentication_handler_service.pb.go:73.50,74.14 1 0
github.com/yoanyombapro1234/FeelGuuds/src/services/authentication_handler_service/gen/proto/authentication_handler_service.pb.go:77.2,77.11 1 0
github.com/yoanyombapro1234/FeelGuuds/src/services/authentication_handler_service/gen/proto/authentication_handler_service.pb.go:74.14,76.3 1 0
github.com/yoanyombapro1234/FeelGuuds/src/services/authentication_handler_service/gen/proto/authentication_handler_service.pb.go:80.53,81.14 1 0
github.com/yoanyombapro1234/FeelGuuds/src/services/authentication_handler_service/gen/proto/authentication_handler_service.pb.go:84.2,84.11 1 0
github.com/yoanyombapro1234/FeelGuuds/src/services/authentication_handler_service/gen/proto/authentication_handler_service.pb.go:81.14,83.3 1 0
github.com/yoanyombapro1234/FeelGuuds/src/services/authentication_handler_service/gen/proto/authentication_handler_service.pb.go:96.49,96.81 1 1
github.com/yoanyombapro1234/FeelGuuds/src/services/authentication_handler_service/gen/proto/authentication_handler_service.pb.go:97.49,97.86 1 0
github.com/yoanyombapro1234/FeelGuuds/src/services/authentication_handler_service/gen/proto/authentication_handler_service.pb.go:98.50,98.51 0 0
github.com/yoanyombapro1234/FeelGuuds/src/services/authentication_handler_service/gen/proto/authentication_handler_service.pb.go:99.60,101.2 1 0
github.com/yoanyombapro1234/FeelGuuds/src/services/authentication_handler_service/gen/proto/authentication_handler_service.pb.go:102.63,104.2 1 1
github.com/yoanyombapro1234/FeelGuuds/src/services/authentication_handler_service/gen/proto/authentication_handler_service.pb.go:105.91,106.19 1 1
github.com/yoanyombapro1234/FeelGuuds/src/services/authentication_handler_service/gen/proto/authentication_handler_service.pb.go:106.19,108.3 1 0
github.com/yoanyombapro1234/FeelGuuds/src/services/authentication_handler_service/gen/proto/authentication_handler_service.pb.go:108.8,111.17 3 1
github.com/yoanyombapro1234/FeelGuuds/src/services/authentication_handler_service/gen/proto/authentication_handler_service.pb.go:114.3,114.20 1 1
github.com/yoanyombapro1234/FeelGuuds/src/services/authentication_handler_service/gen/proto/authentication_handler_service.pb.go:111.17,113.4 1 0
github.com/yoanyombapro1234/FeelGuuds/src/services/authentication_handler_service/gen/proto/authentication_handler_service.pb.go:117.62,119.2 1 0
github.com/yoanyombapro1234/FeelGuuds/src/services/authentication_handler_service/gen/proto/authentication_handler_service.pb.go:120.48,122.2 1 1
github.com/yoanyombapro1234/FeelGuuds/src/services/authentication_handler_service/gen/proto/authentication_handler_service.pb.go:123.54,125.2 1 0
github.com/yoanyombapro1234/FeelGuuds/src/services/authentication_handler_service/gen/proto/authentication_handler_service.pb.go:129.48,130.14 1 0
github.com/yoanyombapro1234/FeelGuuds/src/services/authentication_handler_service/gen/proto/authentication_handler_service.pb.go:133.2,133.10 1 0
github.com/yoanyombapro1234/FeelGuuds/src/services/authentication_handler_service/gen/proto/authentication_handler_service.pb.go:130.14,132.3 1 0
github.com/yoanyombapro1234/FeelGuuds/src/services/authentication_handler_service/gen/proto/authentication_handler_service.pb.go:136.51,137.14 1 0
github.com/yoanyombapro1234/FeelGuuds/src/services/authentication_handler_service/gen/proto/authentication_handler_service.pb.go:140.2,140.11 1 0
github.com/yoanyombapro1234/FeelGuuds/src/services/authentication_handler_service/gen/proto/authentication_handler_service.pb.go:137.14,139.3 1 0
github.com/yoanyombapro1234/FeelGuuds/src/services/authentication_handler_service/gen/proto/authentication_handler_service.pb.go:152.48,152.79 1 1
github.com/yoanyombapro1234/FeelGuuds/src/services/authentication_handler_service/gen/proto/authentication_handler_service.pb.go:153.48,153.85 1 0
github.com/yoanyombapro1234/FeelGuuds/src/services/authentication_handler_service/gen/proto/authentication_handler_service.pb.go:154.49,154.50 0 0
github.com/yoanyombapro1234/FeelGuuds/src/services/authentication_handler_service/gen/proto/authentication_handler_service.pb.go:155.59,157.2 1 0
github.com/yoanyombapro1234/FeelGuuds/src/services/authentication_handler_service/gen/proto/authentication_handler_service.pb.go:158.62,160.2 1 1
github.com/yoanyombapro1234/FeelGuuds/src/services/authentication_handler_service/gen/proto/authentication_handler_service.pb.go:161.90,162.19 1 1
github.com/yoanyombapro1234/FeelGuuds/src/services/authentication_handler_service/gen/proto/authentication_handler_service.pb.go:162.19,164.3 1 0
github.com/yoanyombapro1234/FeelGuuds/src/services/authentication_handler_service/gen/proto/authentication_handler_service.pb.go:164.8,167.17 3 1
github.com/yoanyombapro1234/FeelGuuds/src/services/authentication_handler_service/gen/proto/authentication_handler_service.pb.go:170.3,170.20 1 1
github.com/yoanyombapro1234/FeelGuuds/src/services/authentication_handler_service/gen/proto/authentication_handler_service.pb.go:167.17,169.4 1 0
github.com/yoanyombapro1234/FeelGuuds/src/services/authentication_handler_service/gen/proto/authentication_handler_service.pb.go:173.61,175.2 1 0
github.com/yoanyombapro1234/FeelGuuds/src/services/authentication_handler_service/gen/proto/authentication_handler_service.pb.go:176.47,178.2 1 1
github.com/yoanyombapro1234/FeelGuuds/src/services/authentication_handler_service/gen/proto/authentication_handler_service.pb.go:179.53,181.2 1 0
github.com/yoanyombapro1234/FeelGuuds/src/services/authentication_handler_service/gen/proto/authentication_handler_service.pb.go:185.47,186.14 1 0
github.com/yoanyombapro1234/FeelGuuds/src/services/authentication_handler_service/gen/proto/authentication_handler_service.pb.go:189.2,189.10 1 0
github.com/yoanyombapro1234/FeelGuuds/src/services/authentication_handler_service/gen/proto/authentication_handler_service.pb.go:186.14,188.3 1 0
github.com/yoanyombapro1234/FeelGuuds/src/services/authentication_handler_service/gen/proto/authentication_handler_service.pb.go:192.50,193.14 1 0
github.com/yoanyombapro1234/FeelGuuds/src/services/authentication_handler_service/gen/proto/authentication_handler_service.pb.go:196.2,196.11 1 0
github.com/yoanyombapro1234/FeelGuuds/src/services/authentication_handler_service/gen/proto/authentication_handler_service.pb.go:193.14,195.3 1 0
github.com/yoanyombapro1234/FeelGuuds/src/services/authentication_handler_service/gen/proto/authentication_handler_service.pb.go:207.49,207.81 1 1
github.com/yoanyombapro1234/FeelGuuds/src/services/authentication_handler_service/gen/proto/authentication_handler_service.pb.go:208.49,208.86 1 0
github.com/yoanyombapro1234/FeelGuuds/src/services/authentication_handler_service/gen/proto/authentication_handler_service.pb.go:209.50,209.51 0 0
github.com/yoanyombapro1234/FeelGuuds/src/services/authentication_handler_service/gen/proto/authentication_handler_service.pb.go:210.60,212.2 1 0
github.com/yoanyombapro1234/FeelGuuds/src/services/authentication_handler_service/gen/proto/authentication_handler_service.pb.go:213.63,215.2 1 1
github.com/yoanyombapro1234/FeelGuuds/src/services/authentication_handler_service/gen/proto/authentication_handler_service.pb.go:216.91,217.19 1 1
github.com/yoanyombapro1234/FeelGuuds/src/services/authentication_handler_service/gen/proto/authentication_handler_service.pb.go:217.19,219.3 1 0
github.com/yoanyombapro1234/FeelGuuds/src/services/authentication_handler_service/gen/proto/authentication_handler_service.pb.go:219.8,222.17 3 1
github.com/yoanyombapro1234/FeelGuuds/src/services/authentication_handler_service/gen/proto/authentication_handler_service.pb.go:225.3,225.20 1 1
github.com/yoanyombapro1234/FeelGuuds/src/services/authentication_handler_service/gen/proto/authentication_handler_service.pb.go:222.17,224.4 1 0
github.com/yoanyombapro1234/FeelGuuds/src/services/authentication_handler_service/gen/proto/authentication_handler_service.pb.go:228.62,230.2 1 0
github.com/yoanyombapro1234/FeelGuuds/src/services/authentication_handler_service/gen/proto/authentication_handler_service.pb.go:231.48,233.2 1 1
github.com/yoanyombapro1234/FeelGuuds/src/services/authentication_handler_service/gen/proto/authentication_handler_service.pb.go:234.54,236.2 1 0
github.com/yoanyombapro1234/FeelGuuds/src/services/authentication_handler_service/gen/proto/authentication_handler_service.pb.go:240.51,241.14 1 0
github.com/yoanyombapro1234/FeelGuuds/src/services/authentication_handler_service/gen/proto/authentication_handler_service.pb.go:244.2,244.11 1 0
github.com/yoanyombapro1234/FeelGuuds/src/services/authentication_handler_service/gen/proto/authentication_handler_service.pb.go:241.14,243.3 1 0
github.com/yoanyombapro1234/FeelGuuds/src/services/authentication_handler_service/gen/proto/authentication_handler_service.pb.go:255.48,255.79 1 1
github.com/yoanyombapro1234/FeelGuuds/src/services/authentication_handler_service/gen/proto/authentication_handler_service.pb.go:256.48,256.85 1 0
github.com/yoanyombapro1234/FeelGuuds/src/services/authentication_handler_service/gen/proto/authentication_handler_service.pb.go:257.49,257.50 0 0
github.com/yoanyombapro1234/FeelGuuds/src/services/authentication_handler_service/gen/proto/authentication_handler_service.pb.go:258.59,260.2 1 0
github.com/yoanyombapro1234/FeelGuuds/src/services/authentication_handler_service/gen/proto/authentication_handler_service.pb.go:261.62,263.2 1 1
github.com/yoanyombapro1234/FeelGuuds/src/services/authentication_handler_service/gen/proto/authentication_handler_service.pb.go:264.90,265.19 1 1
github.com/yoanyombapro1234/FeelGuuds/src/services/authentication_handler_service/gen/proto/authentication_handler_service.pb.go:265.19,267.3 1 0
github.com/yoanyombapro1234/FeelGuuds/src/services/authentication_handler_service/gen/proto/authentication_handler_service.pb.go:267.8,270.17 3 1
github.com/yoanyombapro1234/FeelGuuds/src/services/authentication_handler_service/gen/proto/authentication_handler_service.pb.go:273.3,273.20 1 1
github.com/yoanyombapro1234/FeelGuuds/src/services/authentication_handler_service/gen/proto/authentication_handler_service.pb.go:270.17,272.4 1 0
github.com/yoanyombapro1234/FeelGuuds/src/services/authentication_handler_service/gen/proto/authentication_handler_service.pb.go:276.61,278.2 1 0
github.com/yoanyombapro1234/FeelGuuds/src/services/authentication_handler_service/gen/proto/authentication_handler_service.pb.go:279.47,281.2 1 1
github.com/yoanyombapro1234/FeelGuuds/src/services/authentication_handler_service/gen/proto/authentication_handler_service.pb.go:282.53,284.2 1 0
github.com/yoanyombapro1234/FeelGuuds/src/services/authentication_handler_service/gen/proto/authentication_handler_service.pb.go:288.47,289.14 1 0
github.com/yoanyombapro1234/FeelGuuds/src/services/authentication_handler_service/gen/proto/authentication_handler_service.pb.go:292.2,292.10 1 0
github.com/yoanyombapro1234/FeelGuuds/src/services/authentication_handler_service/gen/proto/authentication_handler_service.pb.go:289.14,291.3 1 0
github.com/yoanyombapro1234/FeelGuuds/src/services/authentication_handler_service/gen/proto/authentication_handler_service.pb.go:303.49,303.81 1 1
github.com/yoanyombapro1234/FeelGuuds/src/services/authentication_handler_service/gen/proto/authentication_handler_service.pb.go:304.49,304.86 1 0
github.com/yoanyombapro1234/FeelGuuds/src/services/authentication_handler_service/gen/proto/authentication_handler_service.pb.go:305.50,305.51 0 0
github.com/yoanyombapro1234/FeelGuuds/src/services/authentication_handler_service/gen/proto/authentication_handler_service.pb.go:306.60,308.2 1 0
github.com/yoanyombapro1234/FeelGuuds/src/services/authentication_handler_service/gen/proto/authentication_handler_service.pb.go:309.63,311.2 1 1
github.com/yoanyombapro1234/FeelGuuds/src/services/authentication_handler_service/gen/proto/authentication_handler_service.pb.go:312.91,313.19 1 1
github.com/yoanyombapro1234/FeelGuuds/src/services/authentication_handler_service/gen/proto/authentication_handler_service.pb.go:313.19,315.3 1 0
github.com/yoanyombapro1234/FeelGuuds/src/services/authentication_handler_service/gen/proto/authentication_handler_service.pb.go:315.8,318.17 3 1
github.com/yoanyombapro1234/FeelGuuds/src/services/authentication_handler_service/gen/proto/authentication_handler_service.pb.go:321.3,321.20 1 1
github.com/yoanyombapro1234/FeelGuuds/src/services/authentication_handler_service/gen/proto/authentication_handler_service.pb.go:318.17,320.4 1 0
github.com/yoanyombapro1234/FeelGuuds/src/services/authentication_handler_service/gen/proto/authentication_handler_service.pb.go:324.62,326.2 1 0
github.com/yoanyombapro1234/FeelGuuds/src/services/authentication_handler_service/gen/proto/authentication_handler_service.pb.go:327.48,329.2 1 1
github.com/yoanyombapro1234/FeelGuuds/src/services/authentication_handler_service/gen/proto/authentication_handler_service.pb.go:330.54,332.2 1 0
github.com/yoanyombapro1234/FeelGuuds/src/services/authentication_handler_service/gen/proto/authentication_handler_service.pb.go:336.51,337.14 1 0
github.com/yoanyombapro1234/FeelGuuds/src/services/authentication_handler_service/gen/proto/authentication_handler_service.pb.go:340.2,340.11 1 0
github.com/yoanyombapro1234/FeelGuuds/src/services/authentication_handler_service/gen/proto/authentication_handler_service.pb.go:337.14,339.3 1 0
github.com/yoanyombapro1234/FeelGuuds/src/services/authentication_handler_service/gen/proto/authentication_handler_service.pb.go:351.46,351.75 1 1
github.com/yoanyombapro1234/FeelGuuds/src/services/authentication_handler_service/gen/proto/authentication_handler_service.pb.go:352.46,352.83 1 0
github.com/yoanyombapro1234/FeelGuuds/src/services/authentication_handler_service/gen/proto/authentication_handler_service.pb.go:353.47,353.48 0 0
github.com/yoanyombapro1234/FeelGuuds/src/services/authentication_handler_service/gen/proto/authentication_handler_service.pb.go:354.57,356.2 1 0
github.com/yoanyombapro1234/FeelGuuds/src/services/authentication_handler_service/gen/proto/authentication_handler_service.pb.go:357.60,359.2 1 1
github.com/yoanyombapro1234/FeelGuuds/src/services/authentication_handler_service/gen/proto/authentication_handler_service.pb.go:360.88,361.19 1 1
github.com/yoanyombapro1234/FeelGuuds/src/services/authentication_handler_service/gen/proto/authentication_handler_service.pb.go:361.19,363.3 1 0
github.com/yoanyombapro1234/FeelGuuds/src/services/authentication_handler_service/gen/proto/authentication_handler_service.pb.go:363.8,366.17 3 1
github.com/yoanyombapro1234/FeelGuuds/src/services/authentication_handler_service/gen/proto/authentication_handler_service.pb.go:369.3,369.20 1 1
github.com/yoanyombapro1234/FeelGuuds/src/services/authentication_handler_service/gen/proto/authentication_handler_service.pb.go:366.17,368.4 1 0
github.com/yoanyombapro1234/FeelGuuds/src/services/authentication_handler_service/gen/proto/authentication_handler_service.pb.go:372.59,374.2 1 0
github.com/yoanyombapro1234/FeelGuuds/src/services/authentication_handler_service/gen/proto/authentication_handler_service.pb.go:375.45,377.2 1 1
github.com/yoanyombapro1234/FeelGuuds/src/services/authentication_handler_service/gen/proto/authentication_handler_service.pb.go:378.51,380.2 1 0
github.com/yoanyombapro1234/FeelGuuds/src/services/authentication_handler_service/gen/proto/authentication_handler_service.pb.go:384.45,385.14 1 0
github.com/yoanyombapro1234/FeelGuuds/src/services/authentication_handler_service/gen/proto/authentication_handler_service.pb.go:388.2,388.10 1 0
github.com/yoanyombapro1234/FeelGuuds/src/services/authentication_handler_service/gen/proto/authentication_handler_service.pb.go:385.14,387.3 1 0
github.com/yoanyombapro1234/FeelGuuds/src/services/authentication_handler_service/gen/proto/authentication_handler_service.pb.go:399.47,399.77 1 1
github.com/yoanyombapro1234/FeelGuuds/src/services/authentication_handler_service/gen/proto/authentication_handler_service.pb.go:400.47,400.84 1 0
github.com/yoanyombapro1234/FeelGuuds/src/services/authentication_handler_service/gen/proto/authentication_handler_service.pb.go:401.48,401.49 0 0
github.com/yoanyombapro1234/FeelGuuds/src/services/authentication_handler_service/gen/proto/authentication_handler_service.pb.go:402.58,404.2 1 0
github.com/yoanyombapro1234/FeelGuuds/src/services/authentication_handler_service/gen/proto/authentication_handler_service.pb.go:405.61,407.2 1 1
github.com/yoanyombapro1234/FeelGuuds/src/services/authentication_handler_service/gen/proto/authentication_handler_service.pb.go:408.89,409.19 1 1
github.com/yoanyombapro1234/FeelGuuds/src/services/authentication_handler_service/gen/proto/authentication_handler_service.pb.go:409.19,411.3 1 0
github.com/yoanyombapro1234/FeelGuuds/src/services/authentication_handler_service/gen/proto/authentication_handler_service.pb.go:411.8,414.17 3 1
github.com/yoanyombapro1234/FeelGuuds/src/services/authentication_handler_service/gen/proto/authentication_handler_service.pb.go:417.3,417.20 1 1
github.com/yoanyombapro1234/FeelGuuds/src/services/authentication_handler_service/gen/proto/authentication_handler_service.pb.go:414.17,416.4 1 0
github.com/yoanyombapro1234/FeelGuuds/src/services/authentication_handler_service/gen/proto/authentication_handler_service.pb.go:420.60,422.2 1 0
github.com/yoanyombapro1234/FeelGuuds/src/services/authentication_handler_service/gen/proto/authentication_handler_service.pb.go:423.46,425.2 1 1
github.com/yoanyombapro1234/FeelGuuds/src/services/authentication_handler_service/gen/proto/authentication_handler_service.pb.go:426.52,428.2 1 0
github.com/yoanyombapro1234/FeelGuuds/src/services/authentication_handler_service/gen/proto/authentication_handler_service.pb.go:432.49,433.14 1 0
github.com/yoanyombapro1234/FeelGuuds/src/services/authentication_handler_service/gen/proto/authentication_handler_service.pb.go:436.2,436.11 1 0
github.com/yoanyombapro1234/FeelGuuds/src/services/authentication_handler_service/gen/proto/authentication_handler_service.pb.go:433.14,435.3 1 0
github.com/yoanyombapro1234/FeelGuuds/src/services/authentication_handler_service/gen/proto/authentication_handler_service.pb.go:447.48,447.79 1 1
github.com/yoanyombapro1234/FeelGuuds/src/services/authentication_handler_service/gen/proto/authentication_handler_service.pb.go:448.48,448.85 1 0
github.com/yoanyombapro1234/FeelGuuds/src/services/authentication_handler_service/gen/proto/authentication_handler_service.pb.go:449.49,449.50 0 0
github.com/yoanyombapro1234/FeelGuuds/src/services/authentication_handler_service/gen/proto/authentication_handler_service.pb.go:450.59,452.2 1 0
github.com/yoanyombapro1234/FeelGuuds/src/services/authentication_handler_service/gen/proto/authentication_handler_service.pb.go:453.62,455.2 1 1
github.com/yoanyombapro1234/FeelGuuds/src/services/authentication_handler_service/gen/proto/authentication_handler_service.pb.go:456.90,457.19 1 1
github.com/yoanyombapro1234/FeelGuuds/src/services/authentication_handler_service/gen/proto/authentication_handler_service.pb.go:457.19,459.3 1 0
github.com/yoanyombapro1234/FeelGuuds/src/services/authentication_handler_service/gen/proto/authentication_handler_service.pb.go:459.8,462.17 3 1
github.com/yoanyombapro1234/FeelGuuds/src/services/authentication_handler_service/gen/proto/authentication_handler_service.pb.go:465.3,465.20 1 1
github.com/yoanyombapro1234/FeelGuuds/src/services/authentication_handler_service/gen/proto/authentication_handler_service.pb.go:462.17,464.4 1 0
github.com/yoanyombapro1234/FeelGuuds/src/services/authentication_handler_service/gen/proto/authentication_handler_service.pb.go:468.61,470.2 1 0
github.com/yoanyombapro1234/FeelGuuds/src/services/authentication_handler_service/gen/proto/authentication_handler_service.pb.go:471.47,473.2 1 1
github.com/yoanyombapro1234/FeelGuuds/src/services/authentication_handler_service/gen/proto/authentication_handler_service.pb.go:474.53,476.2 1 0
github.com/yoanyombapro1234/FeelGuuds/src/services/authentication_handler_service/gen/proto/authentication_handler_service.pb.go:480.47,481.14 1 0
github.com/yoanyombapro1234/FeelGuuds/src/services/authentication_handler_service/gen/proto/authentication_handler_service.pb.go:484.2,484.10 1 0
github.com/yoanyombapro1234/FeelGuuds/src/services/authentication_handler_service/gen/proto/authentication_handler_service.pb.go:481.14,483.3 1 0
github.com/yoanyombapro1234/FeelGuuds/src/services/authentication_handler_service/gen/proto/authentication_handler_service.pb.go:495.49,495.81 1 1
github.com/yoanyombapro1234/FeelGuuds/src/services/authentication_handler_service/gen/proto/authentication_handler_service.pb.go:496.49,496.86 1 0
github.com/yoanyombapro1234/FeelGuuds/src/services/authentication_handler_service/gen/proto/authentication_handler_service.pb.go:497.50,497.51 0 0
github.com/yoanyombapro1234/FeelGuuds/src/services/authentication_handler_service/gen/proto/authentication_handler_service.pb.go:498.60,500.2 1 0
github.com/yoanyombapro1234/FeelGuuds/src/services/authentication_handler_service/gen/proto/authentication_handler_service.pb.go:501.63,503.2 1 1
github.com/yoanyombapro1234/FeelGuuds/src/services/authentication_handler_service/gen/proto/authentication_handler_service.pb.go:504.91,505.19 1 1
github.com/yoanyombapro1234/FeelGuuds/src/services/authentication_handler_service/gen/proto/authentication_handler_service.pb.go:505.19,507.3 1 0
github.com/yoanyombapro1234/FeelGuuds/src/services/authentication_handler_service/gen/proto/authentication_handler_service.pb.go:507.8,510.17 3 1
github.com/yoanyombapro1234/FeelGuuds/src/services/authentication_handler_service/gen/proto/authentication_handler_service.pb.go:513.3,513.20 1 1
github.com/yoanyombapro1234/FeelGuuds/src/services/authentication_handler_service/gen/proto/authentication_handler_service.pb.go:510.17,512.4 1 0
github.com/yoanyombapro1234/FeelGuuds/src/services/authentication_handler_service/gen/proto/authentication_handler_service.pb.go:516.62,518.2 1 0
github.com/yoanyombapro1234/FeelGuuds/src/services/authentication_handler_service/gen/proto/authentication_handler_service.pb.go:519.48,521.2 1 1
github.com/yoanyombapro1234/FeelGuuds/src/services/authentication_handler_service/gen/proto/authentication_handler_service.pb.go:522.54,524.2 1 0
github.com/yoanyombapro1234/FeelGuuds/src/services/authentication_handler_service/gen/proto/authentication_handler_service.pb.go:528.51,529.14 1 0
github.com/yoanyombapro1234/FeelGuuds/src/services/authentication_handler_service/gen/proto/authentication_handler_service.pb.go:532.2,532.11 1 0
github.com/yoanyombapro1234/FeelGuuds/src/services/authentication_handler_service/gen/proto/authentication_handler_service.pb.go:529.14,531.3 1 0
github.com/yoanyombapro1234/FeelGuuds/src/services/authentication_handler_service/gen/proto/authentication_handler_service.pb.go:543.45,543.73 1 1
github.com/yoanyombapro1234/FeelGuuds/src/services/authentication_handler_service/gen/proto/authentication_handler_service.pb.go:544.45,544.82 1 0
github.com/yoanyombapro1234/FeelGuuds/src/services/authentication_handler_service/gen/proto/authentication_handler_service.pb.go:545.46,545.47 0 0
github.com/yoanyombapro1234/FeelGuuds/src/services/authentication_handler_service/gen/proto/authentication_handler_service.pb.go:546.56,548.2 1 0
github.com/yoanyombapro1234/FeelGuuds/src/services/authentication_handler_service/gen/proto/authentication_handler_service.pb.go:549.59,551.2 1 1
github.com/yoanyombapro1234/FeelGuuds/src/services/authentication_handler_service/gen/proto/authentication_handler_service.pb.go:552.87,553.19 1 1
github.com/yoanyombapro1234/FeelGuuds/src/services/authentication_handler_service/gen/proto/authentication_handler_service.pb.go:553.19,555.3 1 0
github.com/yoanyombapro1234/FeelGuuds/src/services/authentication_handler_service/gen/proto/authentication_handler_service.pb.go:555.8,558.17 3 1
github.com/yoanyombapro1234/FeelGuuds/src/services/authentication_handler_service/gen/proto/authentication_handler_service.pb.go:561.3,561.20 1 1
github.com/yoanyombapro1234/FeelGuuds/src/services/authentication_handler_service/gen/proto/authentication_handler_service.pb.go:558.17,560.4 1 0
github.com/yoanyombapro1234/FeelGuuds/src/services/authentication_handler_service/gen/proto/authentication_handler_service.pb.go:564.58,566.2 1 0
github.com/yoanyombapro1234/FeelGuuds/src/services/authentication_handler_service/gen/proto/authentication_handler_service.pb.go:567.44,569.2 1 1
github.com/yoanyombapro1234/FeelGuuds/src/services/authentication_handler_service/gen/proto/authentication_handler_service.pb.go:570.50,572.2 1 0
github.com/yoanyombapro1234/FeelGuuds/src/services/authentication_handler_service/gen/proto/authentication_handler_service.pb.go:576.44,577.14 1 0
github.com/yoanyombapro1234/FeelGuuds/src/services/authentication_handler_service/gen/proto/authentication_handler_service.pb.go:580.2,580.10 1 0
github.com/yoanyombapro1234/FeelGuuds/src/services/authentication_handler_service/gen/proto/authentication_handler_service.pb.go:577.14,579.3 1 0
github.com/yoanyombapro1234/FeelGuuds/src/services/authentication_handler_service/gen/proto/authentication_handler_service.pb.go:592.46,592.75 1 1
github.com/yoanyombapro1234/FeelGuuds/src/services/authentication_handler_service/gen/proto/authentication_handler_service.pb.go:593.46,593.83 1 0
github.com/yoanyombapro1234/FeelGuuds/src/services/authentication_handler_service/gen/proto/authentication_handler_service.pb.go:594.47,594.48 0 0
github.com/yoanyombapro1234/FeelGuuds/src/services/authentication_handler_service/gen/proto/authentication_handler_service.pb.go:595.57,597.2 1 0
github.com/yoanyombapro1234/FeelGuuds/src/services/authentication_handler_service/gen/proto/authentication_handler_service.pb.go:598.60,600.2 1 1
github.com/yoanyombapro1234/FeelGuuds/src/services/authentication_handler_service/gen/proto/authentication_handler_service.pb.go:601.88,602.19 1 1
github.com/yoanyombapro1234/FeelGuuds/src/services/authentication_handler_service/gen/proto/authentication_handler_service.pb.go:602.19,604.3 1 0
github.com/yoanyombapro1234/FeelGuuds/src/services/authentication_handler_service/gen/proto/authentication_handler_service.pb.go:604.8,607.17 3 1
github.com/yoanyombapro1234/FeelGuuds/src/services/authentication_handler_service/gen/proto/authentication_handler_service.pb.go:610.3,610.20 1 1
github.com/yoanyombapro1234/FeelGuuds/src/services/authentication_handler_service/gen/proto/authentication_handler_service.pb.go:607.17,609.4 1 0
github.com/yoanyombapro1234/FeelGuuds/src/services/authentication_handler_service/gen/proto/authentication_handler_service.pb.go:613.59,615.2 1 0
github.com/yoanyombapro1234/FeelGuuds/src/services/authentication_handler_service/gen/proto/authentication_handler_service.pb.go:616.45,618.2 1 1
github.com/yoanyombapro1234/FeelGuuds/src/services/authentication_handler_service/gen/proto/authentication_handler_service.pb.go:619.51,621.2 1 0
github.com/yoanyombapro1234/FeelGuuds/src/services/authentication_handler_service/gen/proto/authentication_handler_service.pb.go:625.52,626.14 1 0
github.com/yoanyombapro1234/FeelGuuds/src/services/authentication_handler_service/gen/proto/authentication_handler_service.pb.go:629.2,629.12 1 0
github.com/yoanyombapro1234/FeelGuuds/src/services/authentication_handler_service/gen/proto/authentication_handler_service.pb.go:626.14,628.3 1 0
github.com/yoanyombapro1234/FeelGuuds/src/services/authentication_handler_service/gen/proto/authentication_handler_service.pb.go:632.48,633.14 1 0
github.com/yoanyombapro1234/FeelGuuds/src/services/authentication_handler_service/gen/proto/authentication_handler_service.pb.go:636.2,636.11 1 0
github.com/yoanyombapro1234/FeelGuuds/src/services/authentication_handler_service/gen/proto/authentication_handler_service.pb.go:633.14,635.3 1 0
github.com/yoanyombapro1234/FeelGuuds/src/services/authentication_handler_service/gen/proto/authentication_handler_service.pb.go:648.54,648.91 1 1
github.com/yoanyombapro1234/FeelGuuds/src/services/authentication_handler_service/gen/proto/authentication_handler_service.pb.go:649.54,649.91 1 0
github.com/yoanyombapro1234/FeelGuuds/src/services/authentication_handler_service/gen/proto/authentication_handler_service.pb.go:650.55,650.56 0 0
github.com/yoanyombapro1234/FeelGuuds/src/services/authentication_handler_service/gen/proto/authentication_handler_service.pb.go:651.65,653.2 1 0
github.com/yoanyombapro1234/FeelGuuds/src/services/authentication_handler_service/gen/proto/authentication_handler_service.pb.go:654.68,656.2 1 1
github.com/yoanyombapro1234/FeelGuuds/src/services/authentication_handler_service/gen/proto/authentication_handler_service.pb.go:657.96,658.19 1 1
github.com/yoanyombapro1234/FeelGuuds/src/services/authentication_handler_service/gen/proto/authentication_handler_service.pb.go:658.19,660.3 1 0
github.com/yoanyombapro1234/FeelGuuds/src/services/authentication_handler_service/gen/proto/authentication_handler_service.pb.go:660.8,663.17 3 1
github.com/yoanyombapro1234/FeelGuuds/src/services/authentication_handler_service/gen/proto/authentication_handler_service.pb.go:666.3,666.20 1 1
github.com/yoanyombapro1234/FeelGuuds/src/services/authentication_handler_service/gen/proto/authentication_handler_service.pb.go:663.17,665.4 1 0
github.com/yoanyombapro1234/FeelGuuds/src/services/authentication_handler_service/gen/proto/authentication_handler_service.pb.go:669.67,671.2 1 0
github.com/yoanyombapro1234/FeelGuuds/src/services/authentication_handler_service/gen/proto/authentication_handler_service.pb.go:672.53,674.2 1 1
github.com/yoanyombapro1234/FeelGuuds/src/services/authentication_handler_service/gen/proto/authentication_handler_service.pb.go:675.59,677.2 1 0
github.com/yoanyombapro1234/FeelGuuds/src/services/authentication_handler_service/gen/proto/authentication_handler_service.pb.go:681.56,682.14 1 0
github.com/yoanyombapro1234/FeelGuuds/src/services/authentication_handler_service/gen/proto/authentication_handler_service.pb.go:685.2,685.11 1 0
github.com/yoanyombapro1234/FeelGuuds/src/services/authentication_handler_service/gen/proto/authentication_handler_service.pb.go:682.14,684.3 1 0
github.com/yoanyombapro1234/FeelGuuds/src/services/authentication_handler_service/gen/proto/authentication_handler_service.pb.go:688.59,689.14 1 0
github.com/yoanyombapro1234/FeelGuuds/src/services/authentication_handler_service/gen/proto/authentication_handler_service.pb.go:692.2,692.11 1 0
github.com/yoanyombapro1234/FeelGuuds/src/services/authentication_handler_service/gen/proto/authentication_handler_service.pb.go:689.14,691.3 1 0
github.com/yoanyombapro1234/FeelGuuds/src/services/authentication_handler_service/gen/proto/authentication_handler_service.pb.go:704.55,704.93 1 1
github.com/yoanyombapro1234/FeelGuuds/src/services/authentication_handler_service/gen/proto/authentication_handler_service.pb.go:705.55,705.92 1 0
github.com/yoanyombapro1234/FeelGuuds/src/services/authentication_handler_service/gen/proto/authentication_handler_service.pb.go:706.56,706.57 0 0
github.com/yoanyombapro1234/FeelGuuds/src/services/authentication_handler_service/gen/proto/authentication_handler_service.pb.go:707.66,709.2 1 0
github.com/yoanyombapro1234/FeelGuuds/src/services/authentication_handler_service/gen/proto/authentication_handler_service.pb.go:710.69,712.2 1 1
github.com/yoanyombapro1234/FeelGuuds/src/services/authentication_handler_service/gen/proto/authentication_handler_service.pb.go:713.97,714.19 1 1
github.com/yoanyombapro1234/FeelGuuds/src/services/authentication_handler_service/gen/proto/authentication_handler_service.pb.go:714.19,716.3 1 0
github.com/yoanyombapro1234/FeelGuuds/src/services/authentication_handler_service/gen/proto/authentication_handler_service.pb.go:716.8,719.17 3 1
github.com/yoanyombapro1234/FeelGuuds/src/services/authentication_handler_service/gen/proto/authentication_handler_service.pb.go:722.3,722.20 1 1
github.com/yoanyombapro1234/FeelGuuds/src/services/authentication_handler_service/gen/proto/authentication_handler_service.pb.go:719.17,721.4 1 0
github.com/yoanyombapro1234/FeelGuuds/src/services/authentication_handler_service/gen/proto/authentication_handler_service.pb.go:725.68,727.2 1 0
github.com/yoanyombapro1234/FeelGuuds/src/services/authentication_handler_service/gen/proto/authentication_handler_service.pb.go:728.54,730.2 1 1
github.com/yoanyombapro1234/FeelGuuds/src/services/authentication_handler_service/gen/proto/authentication_handler_service.pb.go:731.60,733.2 1 0
github.com/yoanyombapro1234/FeelGuuds/src/services/authentication_handler_service/gen/proto/authentication_handler_service.pb.go:737.57,738.14 1 0
github.com/yoanyombapro1234/FeelGuuds/src/services/authentication_handler_service/gen/proto/authentication_handler_service.pb.go:741.2,741.11 1 0
github.com/yoanyombapro1234/FeelGuuds/src/services/authentication_handler_service/gen/proto/authentication_handler_service.pb.go:738.14,740.3 1 0
github.com/yoanyombapro1234/FeelGuuds/src/services/authentication_handler_service/gen/proto/authentication_handler_service.pb.go:744.57,745.14 1 0
github.com/yoanyombapro1234/FeelGuuds/src/services/authentication_handler_service/gen/proto/authentication_handler_service.pb.go:748.2,748.11 1 0
github.com/yoanyombapro1234/FeelGuuds/src/services/authentication_handler_service/gen/proto/authentication_handler_service.pb.go:745.14,747.3 1 0
github.com/yoanyombapro1234/FeelGuuds/src/services/authentication_handler_service/gen/proto/authentication_handler_service.pb.go:759.48,759.79 1 1
github.com/yoanyombapro1234/FeelGuuds/src/services/authentication_handler_service/gen/proto/authentication_handler_service.pb.go:760.48,760.85 1 0
github.com/yoanyombapro1234/FeelGuuds/src/services/authentication_handler_service/gen/proto/authentication_handler_service.pb.go:761.49,761.50 0 0
github.com/yoanyombapro1234/FeelGuuds/src/services/authentication_handler_service/gen/proto/authentication_handler_service.pb.go:762.59,764.2 1 0
github.com/yoanyombapro1234/FeelGuuds/src/services/authentication_handler_service/gen/proto/authentication_handler_service.pb.go:765.62,767.2 1 1
github.com/yoanyombapro1234/FeelGuuds/src/services/authentication_handler_service/gen/proto/authentication_handler_service.pb.go:768.90,769.19 1 1
github.com/yoanyombapro1234/FeelGuuds/src/services/authentication_handler_service/gen/proto/authentication_handler_service.pb.go:769.19,771.3 1 0
github.com/yoanyombapro1234/FeelGuuds/src/services/authentication_handler_service/gen/proto/authentication_handler_service.pb.go:771.8,774.17 3 1
github.com/yoanyombapro1234/FeelGuuds/src/services/authentication_handler_service/gen/proto/authentication_handler_service.pb.go:777.3,777.20 1 1
github.com/yoanyombapro1234/FeelGuuds/src/services/authentication_handler_service/gen/proto/authentication_handler_service.pb.go:774.17,776.4 1 0
github.com/yoanyombapro1234/FeelGuuds/src/services/authentication_handler_service/gen/proto/authentication_handler_service.pb.go:780.61,782.2 1 0
github.com/yoanyombapro1234/FeelGuuds/src/services/authentication_handler_service/gen/proto/authentication_handler_service.pb.go:783.47,785.2 1 1
github.com/yoanyombapro1234/FeelGuuds/src/services/authentication_handler_service/gen/proto/authentication_handler_service.pb.go:786.53,788.2 1 0
github.com/yoanyombapro1234/FeelGuuds/src/services/authentication_handler_service/gen/proto/authentication_handler_service.pb.go:792.47,793.14 1 0
github.com/yoanyombapro1234/FeelGuuds/src/services/authentication_handler_service/gen/proto/authentication_handler_service.pb.go:796.2,796.10 1 0
github.com/yoanyombapro1234/FeelGuuds/src/services/authentication_handler_service/gen/proto/authentication_handler_service.pb.go:793.14,795.3 1 0
github.com/yoanyombapro1234/FeelGuuds/src/services/authentication_handler_service/gen/proto/authentication_handler_service.pb.go:807.49,807.81 1 1
github.com/yoanyombapro1234/FeelGuuds/src/services/authentication_handler_service/gen/proto/authentication_handler_service.pb.go:808.49,808.86 1 0
github.com/yoanyombapro1234/FeelGuuds/src/services/authentication_handler_service/gen/proto/authentication_handler_service.pb.go:809.50,809.51 0 0
github.com/yoanyombapro1234/FeelGuuds/src/services/authentication_handler_service/gen/proto/authentication_handler_service.pb.go:810.60,812.2 1 0
github.com/yoanyombapro1234/FeelGuuds/src/services/authentication_handler_service/gen/proto/authentication_handler_service.pb.go:813.63,815.2 1 1
github.com/yoanyombapro1234/FeelGuuds/src/services/authentication_handler_service/gen/proto/authentication_handler_service.pb.go:816.91,817.19 1 1
github.com/yoanyombapro1234/FeelGuuds/src/services/authentication_handler_service/gen/proto/authentication_handler_service.pb.go:817.19,819.3 1 0
github.com/yoanyombapro1234/FeelGuuds/src/services/authentication_handler_service/gen/proto/authentication_handler_service.pb.go:819.8,822.17 3 1
github.com/yoanyombapro1234/FeelGuuds/src/services/authentication_handler_service/gen/proto/authentication_handler_service.pb.go:825.3,825.20 1 1
github.com/yoanyombapro1234/FeelGuuds/src/services/authentication_handler_service/gen/proto/authentication_handler_service.pb.go:822.17,824.4 1 0
github.com/yoanyombapro1234/FeelGuuds/src/services/authentication_handler_service/gen/proto/authentication_handler_service.pb.go:828.62,830.2 1 0
github.com/yoanyombapro1234/FeelGuuds/src/services/authentication_handler_service/gen/proto/authentication_handler_service.pb.go:831.48,833.2 1 1
github.com/yoanyombapro1234/FeelGuuds/src/services/authentication_handler_service/gen/proto/authentication_handler_service.pb.go:834.54,836.2 1 0
github.com/yoanyombapro1234/FeelGuuds/src/services/authentication_handler_service/gen/proto/authentication_handler_service.pb.go:840.51,841.14 1 0
github.com/yoanyombapro1234/FeelGuuds/src/services/authentication_handler_service/gen/proto/authentication_handler_service.pb.go:844.2,844.11 1 0
github.com/yoanyombapro1234/FeelGuuds/src/services/authentication_handler_service/gen/proto/authentication_handler_service.pb.go:841.14,843.3 1 0
github.com/yoanyombapro1234/FeelGuuds/src/services/authentication_handler_service/gen/proto/authentication_handler_service.pb.go:859.35,859.53 1 1
github.com/yoanyombapro1234/FeelGuuds/src/services/authentication_handler_service/gen/proto/authentication_handler_service.pb.go:860.35,860.72 1 0
github.com/yoanyombapro1234/FeelGuuds/src/services/authentication_handler_service/gen/proto/authentication_handler_service.pb.go:861.36,861.37 0 0
github.com/yoanyombapro1234/FeelGuuds/src/services/authentication_handler_service/gen/proto/authentication_handler_service.pb.go:862.46,864.2 1 0
github.com/yoanyombapro1234/FeelGuuds/src/services/authentication_handler_service/gen/proto/authentication_handler_service.pb.go:865.49,867.2 1 1
github.com/yoanyombapro1234/FeelGuuds/src/services/authentication_handler_service/gen/proto/authentication_handler_service.pb.go:868.77,869.19 1 1
github.com/yoanyombapro1234/FeelGuuds/src/services/authentication_handler_service/gen/proto/authentication_handler_service.pb.go:869.19,871.3 1 0
github.com/yoanyombapro1234/FeelGuuds/src/services/authentication_handler_service/gen/proto/authentication_handler_service.pb.go:871.8,874.17 3 1
github.com/yoanyombapro1234/FeelGuuds/src/services/authentication_handler_service/gen/proto/authentication_handler_service.pb.go:877.3,877.20 1 1
github.com/yoanyombapro1234/FeelGuuds/src/services/authentication_handler_service/gen/proto/authentication_handler_service.pb.go:874.17,876.4 1 0
github.com/yoanyombapro1234/FeelGuuds/src/services/authentication_handler_service/gen/proto/authentication_handler_service.pb.go:880.48,882.2 1 0
github.com/yoanyombapro1234/FeelGuuds/src/services/authentication_handler_service/gen/proto/authentication_handler_service.pb.go:883.34,885.2 1 1
github.com/yoanyombapro1234/FeelGuuds/src/services/authentication_handler_service/gen/proto/authentication_handler_service.pb.go:886.40,888.2 1 0
github.com/yoanyombapro1234/FeelGuuds/src/services/authentication_handler_service/gen/proto/authentication_handler_service.pb.go:892.34,893.14 1 0
github.com/yoanyombapro1234/FeelGuuds/src/services/authentication_handler_service/gen/proto/authentication_handler_service.pb.go:896.2,896.10 1 0
github.com/yoanyombapro1234/FeelGuuds/src/services/authentication_handler_service/gen/proto/authentication_handler_service.pb.go:893.14,895.3 1 0
github.com/yoanyombapro1234/FeelGuuds/src/services/authentication_handler_service/gen/proto/authentication_handler_service.pb.go:899.40,900.14 1 0
github.com/yoanyombapro1234/FeelGuuds/src/services/authentication_handler_service/gen/proto/authentication_handler_service.pb.go:903.2,903.11 1 0
github.com/yoanyombapro1234/FeelGuuds/src/services/authentication_handler_service/gen/proto/authentication_handler_service.pb.go:900.14,902.3 1 0
github.com/yoanyombapro1234/FeelGuuds/src/services/authentication_handler_service/gen/proto/authentication_handler_service.pb.go:906.36,907.14 1 0
github.com/yoanyombapro1234/FeelGuuds/src/services/authentication_handler_service/gen/proto/authentication_handler_service.pb.go:910.2,910.14 1 0
github.com/yoanyombapro1234/FeelGuuds/src/services/authentication_handler_service/gen/proto/authentication_handler_service.pb.go:907.14,909.3 1 0
github.com/yoanyombapro1234/FeelGuuds/src/services/authentication_handler_service/gen/proto/authentication_handler_service.pb.go:913.37,914.14 1 0
github.com/yoanyombapro1234/FeelGuuds/src/services/authentication_handler_service/gen/proto/authentication_handler_service.pb.go:917.2,917.14 1 0
github.com/yoanyombapro1234/FeelGuuds/src/services/authentication_handler_service/gen/proto/authentication_handler_service.pb.go:914.14,916.3 1 0
github.com/yoanyombapro1234/FeelGuuds/src/services/authentication_handler_service/gen/proto/authentication_handler_service.pb.go:920.13,938.2 17 1
github.com/yoanyombapro1234/FeelGuuds/src/services/authentication_handler_service/gen/proto/authentication_handler_service.pb.go:940.13,942.2 1 1
github.com/yoanyombapro1234/FeelGuuds/src/services/authentication_handler_service/gen/proto/authentication_handler_service.pb.go:981.64,982.17 1 1
github.com/yoanyombapro1234/FeelGuuds/src/services/authentication_handler_service/gen/proto/authentication_handler_service.pb.go:986.2,987.9 2 1
github.com/yoanyombapro1234/FeelGuuds/src/services/authentication_handler_service/gen/proto/authentication_handler_service.pb.go:995.2,995.18 1 1
github.com/yoanyombapro1234/FeelGuuds/src/services/authentication_handler_service/gen/proto/authentication_handler_service.pb.go:1000.2,1000.31 1 1
github.com/yoanyombapro1234/FeelGuuds/src/services/authentication_handler_service/gen/proto/authentication_handler_service.pb.go:1003.2,1003.37 1 1
github.com/yoanyombapro1234/FeelGuuds/src/services/authentication_handler_service/gen/proto/authentication_handler_service.pb.go:1006.2,1006.65 1 1
github.com/yoanyombapro1234/FeelGuuds/src/services/authentication_handler_service/gen/proto/authentication_handler_service.pb.go:1009.2,1009.13 1 1
github.com/yoanyombapro1234/FeelGuuds/src/services/authentication_handler_service/gen/proto/authentication_handler_service.pb.go:982.17,984.3 1 0
github.com/yoanyombapro1234/FeelGuuds/src/services/authentication_handler_service/gen/proto/authentication_handler_service.pb.go:987.9,989.9 2 0
github.com/yoanyombapro1234/FeelGuuds/src/services/authentication_handler_service/gen/proto/authentication_handler_service.pb.go:989.9,991.4 1 0
github.com/yoanyombapro1234/FeelGuuds/src/services/authentication_handler_service/gen/proto/authentication_handler_service.pb.go:991.9,993.4 1 0
github.com/yoanyombapro1234/FeelGuuds/src/services/authentication_handler_service/gen/proto/authentication_handler_service.pb.go:995.18,997.3 1 0
github.com/yoanyombapro1234/FeelGuuds/src/services/authentication_handler_service/gen/proto/authentication_handler_service.pb.go:997.8,997.24 1 1
github.com/yoanyombapro1234/FeelGuuds/src/services/authentication_handler_service/gen/proto/authentication_handler_service.pb.go:997.24,999.3 1 0
github.com/yoanyombapro1234/FeelGuuds/src/services/authentication_handler_service/gen/proto/authentication_handler_service.pb.go:1000.31,1002.3 1 0
github.com/yoanyombapro1234/FeelGuuds/src/services/authentication_handler_service/gen/proto/authentication_handler_service.pb.go:1003.37,1005.3 1 0
github.com/yoanyombapro1234/FeelGuuds/src/services/authentication_handler_service/gen/proto/authentication_handler_service.pb.go:1006.65,1008.3 1 0
github.com/yoanyombapro1234/FeelGuuds/src/services/authentication_handler_service/gen/proto/authentication_handler_service.pb.go:1011.65,1012.17 1 1
github.com/yoanyombapro1234/FeelGuuds/src/services/authentication_handler_service/gen/proto/authentication_handler_service.pb.go:1016.2,1017.9 2 1
github.com/yoanyombapro1234/FeelGuuds/src/services/authentication_handler_service/gen/proto/authentication_handler_service.pb.go:1025.2,1025.18 1 1
github.com/yoanyombapro1234/FeelGuuds/src/services/authentication_handler_service/gen/proto/authentication_handler_service.pb.go:1030.2,1030.25 1 1
github.com/yoanyombapro1234/FeelGuuds/src/services/authentication_handler_service/gen/proto/authentication_handler_service.pb.go:1033.2,1033.31 1 1
github.com/yoanyombapro1234/FeelGuuds/src/services/authentication_handler_service/gen/proto/authentication_handler_service.pb.go:1036.2,1036.65 1 1
github.com/yoanyombapro1234/FeelGuuds/src/services/authentication_handler_service/gen/proto/authentication_handler_service.pb.go:1039.2,1039.13 1 1
github.com/yoanyombapro1234/FeelGuuds/src/services/authentication_handler_service/gen/proto/authentication_handler_service.pb.go:1012.17,1014.3 1 0
github.com/yoanyombapro1234/FeelGuuds/src/services/authentication_handler_service/gen/proto/authentication_handler_service.pb.go:1017.9,1019.9 2 0
github.com/yoanyombapro1234/FeelGuuds/src/services/authentication_handler_service/gen/proto/authentication_handler_service.pb.go:1019.9,1021.4 1 0
github.com/yoanyombapro1234/FeelGuuds/src/services/authentication_handler_service/gen/proto/authentication_handler_service.pb.go:1021.9,1023.4 1 0
github.com/yoanyombapro1234/FeelGuuds/src/services/authentication_handler_service/gen/proto/authentication_handler_service.pb.go:1025.18,1027.3 1 0
github.com/yoanyombapro1234/FeelGuuds/src/services/authentication_handler_service/gen/proto/authentication_handler_service.pb.go:1027.8,1027.24 1 1
github.com/yoanyombapro1234/FeelGuuds/src/services/authentication_handler_service/gen/proto/authentication_handler_service.pb.go:1027.24,1029.3 1 0
github.com/yoanyombapro1234/FeelGuuds/src/services/authentication_handler_service/gen/proto/authentication_handler_service.pb.go:1030.25,1032.3 1 0
github.com/yoanyombapro1234/FeelGuuds/src/services/authentication_handler_service/gen/proto/authentication_handler_service.pb.go:1033.31,1035.3 1 0
github.com/yoanyombapro1234/FeelGuuds/src/services/authentication_handler_service/gen/proto/authentication_handler_service.pb.go:1036.65,1038.3 1 0
github.com/yoanyombapro1234/FeelGuuds/src/services/authentication_handler_service/gen/proto/authentication_handler_service.pb.go:1041.64,1042.17 1 1
github.com/yoanyombapro1234/FeelGuuds/src/services/authentication_handler_service/gen/proto/authentication_handler_service.pb.go:1046.2,1047.9 2 1
github.com/yoanyombapro1234/FeelGuuds/src/services/authentication_handler_service/gen/proto/authentication_handler_service.pb.go:1055.2,1055.18 1 1
github.com/yoanyombapro1234/FeelGuuds/src/services/authentication_handler_service/gen/proto/authentication_handler_service.pb.go:1060.2,1060.25 1 1
github.com/yoanyombapro1234/FeelGuuds/src/services/authentication_handler_service/gen/proto/authentication_handler_service.pb.go:1063.2,1063.31 1 1
github.com/yoanyombapro1234/FeelGuuds/src/services/authentication_handler_service/gen/proto/authentication_handler_service.pb.go:1066.2,1066.65 1 1
github.com/yoanyombapro1234/FeelGuuds/src/services/authentication_handler_service/gen/proto/authentication_handler_service.pb.go:1069.2,1069.13 1 1
github.com/yoanyombapro1234/FeelGuuds/src/services/authentication_handler_service/gen/proto/authentication_handler_service.pb.go:1042.17,1044.3 1 0
github.com/yoanyombapro1234/FeelGuuds/src/services/authentication_handler_service/gen/proto/authentication_handler_service.pb.go:1047.9,1049.9 2 0
github.com/yoanyombapro1234/FeelGuuds/src/services/authentication_handler_service/gen/proto/authentication_handler_service.pb.go:1049.9,1051.4 1 0
github.com/yoanyombapro1234/FeelGuuds/src/services/authentication_handler_service/gen/proto/authentication_handler_service.pb.go:1051.9,1053.4 1 0
github.com/yoanyombapro1234/FeelGuuds/src/services/authentication_handler_service/gen/proto/authentication_handler_service.pb.go:1055.18,1057.3 1 0
github.com/yoanyombapro1234/FeelGuuds/src/services/authentication_handler_service/gen/proto/authentication_handler_service.pb.go:1057.8,1057.24 1 1
github.com/yoanyombapro1234/FeelGuuds/src/services/authentication_handler_service/gen/proto/authentication_handler_service.pb.go:1057.24,1059.3 1 0
github.com/yoanyombapro1234/FeelGuuds/src/services/authentication_handler_service/gen/proto/authentication_handler_service.pb.go:1060.25,1062.3 1 0
github.com/yoanyombapro1234/FeelGuuds/src/services/authentication_handler_service/gen/proto/authentication_handler_service.pb.go:1063.31,1065.3 1 0
github.com/yoanyombapro1234/FeelGuuds/src/services/authentication_handler_service/gen/proto/authentication_handler_service.pb.go:1066.65,1068.3 1 0
github.com/yoanyombapro1234/FeelGuuds/src/services/authentication_handler_service/gen/proto/authentication_handler_service.pb.go:1071.65,1072.17 1 1
github.com/yoanyombapro1234/FeelGuuds/src/services/authentication_handler_service/gen/proto/authentication_handler_service.pb.go:1076.2,1077.9 2 1
github.com/yoanyombapro1234/FeelGuuds/src/services/authentication_handler_service/gen/proto/authentication_handler_service.pb.go:1085.2,1085.18 1 1
github.com/yoanyombapro1234/FeelGuuds/src/services/authentication_handler_service/gen/proto/authentication_handler_service.pb.go:1090.2,1090.31 1 1
github.com/yoanyombapro1234/FeelGuuds/src/services/authentication_handler_service/gen/proto/authentication_handler_service.pb.go:1093.2,1093.65 1 1
github.com/yoanyombapro1234/FeelGuuds/src/services/authentication_handler_service/gen/proto/authentication_handler_service.pb.go:1096.2,1096.13 1 1
github.com/yoanyombapro1234/FeelGuuds/src/services/authentication_handler_service/gen/proto/authentication_handler_service.pb.go:1072.17,1074.3 1 0
github.com/yoanyombapro1234/FeelGuuds/src/services/authentication_handler_service/gen/proto/authentication_handler_service.pb.go:1077.9,1079.9 2 0
github.com/yoanyombapro1234/FeelGuuds/src/services/authentication_handler_service/gen/proto/authentication_handler_service.pb.go:1079.9,1081.4 1 0
github.com/yoanyombapro1234/FeelGuuds/src/services/authentication_handler_service/gen/proto/authentication_handler_service.pb.go:1081.9,1083.4 1 0
github.com/yoanyombapro1234/FeelGuuds/src/services/authentication_handler_service/gen/proto/authentication_handler_service.pb.go:1085.18,1087.3 1 0
github.com/yoanyombapro1234/FeelGuuds/src/services/authentication_handler_service/gen/proto/authentication_handler_service.pb.go:1087.8,1087.24 1 1
github.com/yoanyombapro1234/FeelGuuds/src/services/authentication_handler_service/gen/proto/authentication_handler_service.pb.go:1087.24,1089.3 1 0
github.com/yoanyombapro1234/FeelGuuds/src/services/authentication_handler_service/gen/proto/authentication_handler_service.pb.go:1090.31,1092.3 1 0
github.com/yoanyombapro1234/FeelGuuds/src/services/authentication_handler_service/gen/proto/authentication_handler_service.pb.go:1093.65,1095.3 1 0
github.com/yoanyombapro1234/FeelGuuds/src/services/authentication_handler_service/gen/proto/authentication_handler_service.pb.go:1098.64,1099.17 1 1
github.com/yoanyombapro1234/FeelGuuds/src/services/authentication_handler_service/gen/proto/authentication_handler_service.pb.go:1103.2,1104.9 2 1
github.com/yoanyombapro1234/FeelGuuds/src/services/authentication_handler_service/gen/proto/authentication_handler_service.pb.go:1112.2,1112.18 1 1
github.com/yoanyombapro1234/FeelGuuds/src/services/authentication_handler_service/gen/proto/authentication_handler_service.pb.go:1117.2,1117.25 1 1
github.com/yoanyombapro1234/FeelGuuds/src/services/authentication_handler_service/gen/proto/authentication_handler_service.pb.go:1120.2,1120.65 1 1
github.com/yoanyombapro1234/FeelGuuds/src/services/authentication_handler_service/gen/proto/authentication_handler_service.pb.go:1123.2,1123.13 1 1
github.com/yoanyombapro1234/FeelGuuds/src/services/authentication_handler_service/gen/proto/authentication_handler_service.pb.go:1099.17,1101.3 1 0
github.com/yoanyombapro1234/FeelGuuds/src/services/authentication_handler_service/gen/proto/authentication_handler_service.pb.go:1104.9,1106.9 2 0
github.com/yoanyombapro1234/FeelGuuds/src/services/authentication_handler_service/gen/proto/authentication_handler_service.pb.go:1106.9,1108.4 1 0
github.com/yoanyombapro1234/FeelGuuds/src/services/authentication_handler_service/gen/proto/authentication_handler_service.pb.go:1108.9,1110.4 1 0
github.com/yoanyombapro1234/FeelGuuds/src/services/authentication_handler_service/gen/proto/authentication_handler_service.pb.go:1112.18,1114.3 1 0
github.com/yoanyombapro1234/FeelGuuds/src/services/authentication_handler_service/gen/proto/authentication_handler_service.pb.go:1114.8,1114.24 1 1
github.com/yoanyombapro1234/FeelGuuds/src/services/authentication_handler_service/gen/proto/authentication_handler_service.pb.go:1114.24,1116.3 1 0
github.com/yoanyombapro1234/FeelGuuds/src/services/authentication_handler_service/gen/proto/authentication_handler_service.pb.go:1117.25,1119.3 1 0
github.com/yoanyombapro1234/FeelGuuds/src/services/authentication_handler_service/gen/proto/authentication_handler_service.pb.go:1120.65,1122.3 1 0
github.com/yoanyombapro1234/FeelGuuds/src/services/authentication_handler_service/gen/proto/authentication_handler_service.pb.go:1125.65,1126.17 1 1
github.com/yoanyombapro1234/FeelGuuds/src/services/authentication_handler_service/gen/proto/authentication_handler_service.pb.go:1130.2,1131.9 2 1
github.com/yoanyombapro1234/FeelGuuds/src/services/authentication_handler_service/gen/proto/authentication_handler_service.pb.go:1139.2,1139.18 1 1
github.com/yoanyombapro1234/FeelGuuds/src/services/authentication_handler_service/gen/proto/authentication_handler_service.pb.go:1144.2,1144.31 1 1
github.com/yoanyombapro1234/FeelGuuds/src/services/authentication_handler_service/gen/proto/authentication_handler_service.pb.go:1147.2,1147.65 1 1
github.com/yoanyombapro1234/FeelGuuds/src/services/authentication_handler_service/gen/proto/authentication_handler_service.pb.go:1150.2,1150.13 1 1
github.com/yoanyombapro1234/FeelGuuds/src/services/authentication_handler_service/gen/proto/authentication_handler_service.pb.go:1126.17,1128.3 1 0
github.com/yoanyombapro1234/FeelGuuds/src/services/authentication_handler_service/gen/proto/authentication_handler_service.pb.go:1131.9,1133.9 2 0
github.com/yoanyombapro1234/FeelGuuds/src/services/authentication_handler_service/gen/proto/authentication_handler_service.pb.go:1133.9,1135.4 1 0
github.com/yoanyombapro1234/FeelGuuds/src/services/authentication_handler_service/gen/proto/authentication_handler_service.pb.go:1135.9,1137.4 1 0
github.com/yoanyombapro1234/FeelGuuds/src/services/authentication_handler_service/gen/proto/authentication_handler_service.pb.go:1139.18,1141.3 1 0
github.com/yoanyombapro1234/FeelGuuds/src/services/authentication_handler_service/gen/proto/authentication_handler_service.pb.go:1141.8,1141.24 1 1
github.com/yoanyombapro1234/FeelGuuds/src/services/authentication_handler_service/gen/proto/authentication_handler_service.pb.go:1141.24,1143.3 1 0
github.com/yoanyombapro1234/FeelGuuds/src/services/authentication_handler_service/gen/proto/authentication_handler_service.pb.go:1144.31,1146.3 1 0
github.com/yoanyombapro1234/FeelGuuds/src/services/authentication_handler_service/gen/proto/authentication_handler_service.pb.go:1147.65,1149.3 1 0
github.com/yoanyombapro1234/FeelGuuds/src/services/authentication_handler_service/gen/proto/authentication_handler_service.pb.go:1152.62,1153.17 1 1
github.com/yoanyombapro1234/FeelGuuds/src/services/authentication_handler_service/gen/proto/authentication_handler_service.pb.go:1157.2,1158.9 2 1
github.com/yoanyombapro1234/FeelGuuds/src/services/authentication_handler_service/gen/proto/authentication_handler_service.pb.go:1166.2,1166.18 1 1
github.com/yoanyombapro1234/FeelGuuds/src/services/authentication_handler_service/gen/proto/authentication_handler_service.pb.go:1171.2,1171.25 1 1
github.com/yoanyombapro1234/FeelGuuds/src/services/authentication_handler_service/gen/proto/authentication_handler_service.pb.go:1174.2,1174.65 1 1
github.com/yoanyombapro1234/FeelGuuds/src/services/authentication_handler_service/gen/proto/authentication_handler_service.pb.go:1177.2,1177.13 1 1
github.com/yoanyombapro1234/FeelGuuds/src/services/authentication_handler_service/gen/proto/authentication_handler_service.pb.go:1153.17,1155.3 1 0
github.com/yoanyombapro1234/FeelGuuds/src/services/authentication_handler_service/gen/proto/authentication_handler_service.pb.go:1158.9,1160.9 2 0
github.com/yoanyombapro1234/FeelGuuds/src/services/authentication_handler_service/gen/proto/authentication_handler_service.pb.go:1160.9,1162.4 1 0
github.com/yoanyombapro1234/FeelGuuds/src/services/authentication_handler_service/gen/proto/authentication_handler_service.pb.go:1162.9,1164.4 1 0
github.com/yoanyombapro1234/FeelGuuds/src/services/authentication_handler_service/gen/proto/authentication_handler_service.pb.go:1166.18,1168.3 1 0
github.com/yoanyombapro1234/FeelGuuds/src/services/authentication_handler_service/gen/proto/authentication_handler_service.pb.go:1168.8,1168.24 1 1
github.com/yoanyombapro1234/FeelGuuds/src/services/authentication_handler_service/gen/proto/authentication_handler_service.pb.go:1168.24,1170.3 1 0
github.com/yoanyombapro1234/FeelGuuds/src/services/authentication_handler_service/gen/proto/authentication_handler_service.pb.go:1171.25,1173.3 1 0
github.com/yoanyombapro1234/FeelGuuds/src/services/authentication_handler_service/gen/proto/authentication_handler_service.pb.go:1174.65,1176.3 1 0
github.com/yoanyombapro1234/FeelGuuds/src/services/authentication_handler_service/gen/proto/authentication_handler_service.pb.go:1179.63,1180.17 1 1
github.com/yoanyombapro1234/FeelGuuds/src/services/authentication_handler_service/gen/proto/authentication_handler_service.pb.go:1184.2,1185.9 2 1
github.com/yoanyombapro1234/FeelGuuds/src/services/authentication_handler_service/gen/proto/authentication_handler_service.pb.go:1193.2,1193.18 1 1
github.com/yoanyombapro1234/FeelGuuds/src/services/authentication_handler_service/gen/proto/authentication_handler_service.pb.go:1198.2,1198.31 1 1
github.com/yoanyombapro1234/FeelGuuds/src/services/authentication_handler_service/gen/proto/authentication_handler_service.pb.go:1201.2,1201.65 1 1
github.com/yoanyombapro1234/FeelGuuds/src/services/authentication_handler_service/gen/proto/authentication_handler_service.pb.go:1204.2,1204.13 1 1
github.com/yoanyombapro1234/FeelGuuds/src/services/authentication_handler_service/gen/proto/authentication_handler_service.pb.go:1180.17,1182.3 1 0
github.com/yoanyombapro1234/FeelGuuds/src/services/authentication_handler_service/gen/proto/authentication_handler_service.pb.go:1185.9,1187.9 2 0
github.com/yoanyombapro1234/FeelGuuds/src/services/authentication_handler_service/gen/proto/authentication_handler_service.pb.go:1187.9,1189.4 1 0
github.com/yoanyombapro1234/FeelGuuds/src/services/authentication_handler_service/gen/proto/authentication_handler_service.pb.go:1189.9,1191.4 1 0
github.com/yoanyombapro1234/FeelGuuds/src/services/authentication_handler_service/gen/proto/authentication_handler_service.pb.go:1193.18,1195.3 1 0
github.com/yoanyombapro1234/FeelGuuds/src/services/authentication_handler_service/gen/proto/authentication_handler_service.pb.go:1195.8,1195.24 1 1
github.com/yoanyombapro1234/FeelGuuds/src/services/authentication_handler_service/gen/proto/authentication_handler_service.pb.go:1195.24,1197.3 1 0
github.com/yoanyombapro1234/FeelGuuds/src/services/authentication_handler_service/gen/proto/authentication_handler_service.pb.go:1198.31,1200.3 1 0
github.com/yoanyombapro1234/FeelGuuds/src/services/authentication_handler_service/gen/proto/authentication_handler_service.pb.go:1201.65,1203.3 1 0
github.com/yoanyombapro1234/FeelGuuds/src/services/authentication_handler_service/gen/proto/authentication_handler_service.pb.go:1206.64,1207.17 1 1
github.com/yoanyombapro1234/FeelGuuds/src/services/authentication_handler_service/gen/proto/authentication_handler_service.pb.go:1211.2,1212.9 2 1
github.com/yoanyombapro1234/FeelGuuds/src/services/authentication_handler_service/gen/proto/authentication_handler_service.pb.go:1220.2,1220.18 1 1
github.com/yoanyombapro1234/FeelGuuds/src/services/authentication_handler_service/gen/proto/authentication_handler_service.pb.go:1225.2,1225.25 1 1
github.com/yoanyombapro1234/FeelGuuds/src/services/authentication_handler_service/gen/proto/authentication_handler_service.pb.go:1228.2,1228.65 1 1
github.com/yoanyombapro1234/FeelGuuds/src/services/authentication_handler_service/gen/proto/authentication_handler_service.pb.go:1231.2,1231.13 1 1
github.com/yoanyombapro1234/FeelGuuds/src/services/authentication_handler_service/gen/proto/authentication_handler_service.pb.go:1207.17,1209.3 1 0
github.com/yoanyombapro1234/FeelGuuds/src/services/authentication_handler_service/gen/proto/authentication_handler_service.pb.go:1212.9,1214.9 2 0
github.com/yoanyombapro1234/FeelGuuds/src/services/authentication_handler_service/gen/proto/authentication_handler_service.pb.go:1214.9,1216.4 1 0
github.com/yoanyombapro1234/FeelGuuds/src/services/authentication_handler_service/gen/proto/authentication_handler_service.pb.go:1216.9,1218.4 1 0
github.com/yoanyombapro1234/FeelGuuds/src/services/authentication_handler_service/gen/proto/authentication_handler_service.pb.go:1220.18,1222.3 1 0
github.com/yoanyombapro1234/FeelGuuds/src/services/authentication_handler_service/gen/proto/authentication_handler_service.pb.go:1222.8,1222.24 1 1
github.com/yoanyombapro1234/FeelGuuds/src/services/authentication_handler_service/gen/proto/authentication_handler_service.pb.go:1222.24,1224.3 1 0
github.com/yoanyombapro1234/FeelGuuds/src/services/authentication_handler_service/gen/proto/authentication_handler_service.pb.go:1225.25,1227.3 1 0
github.com/yoanyombapro1234/FeelGuuds/src/services/authentication_handler_service/gen/proto/authentication_handler_service.pb.go:1228.65,1230.3 1 0
github.com/yoanyombapro1234/FeelGuuds/src/services/authentication_handler_service/gen/proto/authentication_handler_service.pb.go:1233.65,1234.17 1 1
github.com/yoanyombapro1234/FeelGuuds/src/services/authentication_handler_service/gen/proto/authentication_handler_service.pb.go:1238.2,1239.9 2 1
github.com/yoanyombapro1234/FeelGuuds/src/services/authentication_handler_service/gen/proto/authentication_handler_service.pb.go:1247.2,1247.18 1 1
github.com/yoanyombapro1234/FeelGuuds/src/services/authentication_handler_service/gen/proto/authentication_handler_service.pb.go:1252.2,1252.31 1 1
github.com/yoanyombapro1234/FeelGuuds/src/services/authentication_handler_service/gen/proto/authentication_handler_service.pb.go:1255.2,1255.65 1 1
github.com/yoanyombapro1234/FeelGuuds/src/services/authentication_handler_service/gen/proto/authentication_handler_service.pb.go:1258.2,1258.13 1 1
github.com/yoanyombapro1234/FeelGuuds/src/services/authentication_handler_service/gen/proto/authentication_handler_service.pb.go:1234.17,1236.3 1 0
github.com/yoanyombapro1234/FeelGuuds/src/services/authentication_handler_service/gen/proto/authentication_handler_service.pb.go:1239.9,1241.9 2 0
github.com/yoanyombapro1234/FeelGuuds/src/services/authentication_handler_service/gen/proto/authentication_handler_service.pb.go:1241.9,1243.4 1 0
github.com/yoanyombapro1234/FeelGuuds/src/services/authentication_handler_service/gen/proto/authentication_handler_service.pb.go:1243.9,1245.4 1 0
github.com/yoanyombapro1234/FeelGuuds/src/services/authentication_handler_service/gen/proto/authentication_handler_service.pb.go:1247.18,1249.3 1 0
github.com/yoanyombapro1234/FeelGuuds/src/services/authentication_handler_service/gen/proto/authentication_handler_service.pb.go:1249.8,1249.24 1 1
github.com/yoanyombapro1234/FeelGuuds/src/services/authentication_handler_service/gen/proto/authentication_handler_service.pb.go:1249.24,1251.3 1 0
github.com/yoanyombapro1234/FeelGuuds/src/services/authentication_handler_service/gen/proto/authentication_handler_service.pb.go:1252.31,1254.3 1 0
github.com/yoanyombapro1234/FeelGuuds/src/services/authentication_handler_service/gen/proto/authentication_handler_service.pb.go:1255.65,1257.3 1 0
github.com/yoanyombapro1234/FeelGuuds/src/services/authentication_handler_service/gen/proto/authentication_handler_service.pb.go:1260.61,1261.17 1 1
github.com/yoanyombapro1234/FeelGuuds/src/services/authentication_handler_service/gen/proto/authentication_handler_service.pb.go:1265.2,1266.9 2 1
github.com/yoanyombapro1234/FeelGuuds/src/services/authentication_handler_service/gen/proto/authentication_handler_service.pb.go:1274.2,1274.18 1 1
github.com/yoanyombapro1234/FeelGuuds/src/services/authentication_handler_service/gen/proto/authentication_handler_service.pb.go:1279.2,1279.25 1 1
github.com/yoanyombapro1234/FeelGuuds/src/services/authentication_handler_service/gen/proto/authentication_handler_service.pb.go:1282.2,1282.65 1 1
github.com/yoanyombapro1234/FeelGuuds/src/services/authentication_handler_service/gen/proto/authentication_handler_service.pb.go:1285.2,1285.13 1 1
github.com/yoanyombapro1234/FeelGuuds/src/services/authentication_handler_service/gen/proto/authentication_handler_service.pb.go:1261.17,1263.3 1 0
github.com/yoanyombapro1234/FeelGuuds/src/services/authentication_handler_service/gen/proto/authentication_handler_service.pb.go:1266.9,1268.9 2 0
github.com/yoanyombapro1234/FeelGuuds/src/services/authentication_handler_service/gen/proto/authentication_handler_service.pb.go:1268.9,1270.4 1 0
github.com/yoanyombapro1234/FeelGuuds/src/services/authentication_handler_service/gen/proto/authentication_handler_service.pb.go:1270.9,1272.4 1 0
github.com/yoanyombapro1234/FeelGuuds/src/services/authentication_handler_service/gen/proto/authentication_handler_service.pb.go:1274.18,1276.3 1 0
github.com/yoanyombapro1234/FeelGuuds/src/services/authentication_handler_service/gen/proto/authentication_handler_service.pb.go:1276.8,1276.24 1 1
github.com/yoanyombapro1234/FeelGuuds/src/services/authentication_handler_service/gen/proto/authentication_handler_service.pb.go:1276.24,1278.3 1 0
github.com/yoanyombapro1234/FeelGuuds/src/services/authentication_handler_service/gen/proto/authentication_handler_service.pb.go:1279.25,1281.3 1 0
github.com/yoanyombapro1234/FeelGuuds/src/services/authentication_handler_service/gen/proto/authentication_handler_service.pb.go:1282.65,1284.3 1 0
github.com/yoanyombapro1234/FeelGuuds/src/services/authentication_handler_service/gen/proto/authentication_handler_service.pb.go:1287.62,1288.17 1 1
github.com/yoanyombapro1234/FeelGuuds/src/services/authentication_handler_service/gen/proto/authentication_handler_service.pb.go:1292.2,1293.9 2 1
github.com/yoanyombapro1234/FeelGuuds/src/services/authentication_handler_service/gen/proto/authentication_handler_service.pb.go:1301.2,1301.18 1 1
github.com/yoanyombapro1234/FeelGuuds/src/services/authentication_handler_service/gen/proto/authentication_handler_service.pb.go:1306.2,1306.40 1 1
github.com/yoanyombapro1234/FeelGuuds/src/services/authentication_handler_service/gen/proto/authentication_handler_service.pb.go:1309.2,1309.31 1 1
github.com/yoanyombapro1234/FeelGuuds/src/services/authentication_handler_service/gen/proto/authentication_handler_service.pb.go:1312.2,1312.65 1 1
github.com/yoanyombapro1234/FeelGuuds/src/services/authentication_handler_service/gen/proto/authentication_handler_service.pb.go:1315.2,1315.13 1 1
github.com/yoanyombapro1234/FeelGuuds/src/services/authentication_handler_service/gen/proto/authentication_handler_service.pb.go:1288.17,1290.3 1 0
github.com/yoanyombapro1234/FeelGuuds/src/services/authentication_handler_service/gen/proto/authentication_handler_service.pb.go:1293.9,1295.9 2 0
github.com/yoanyombapro1234/FeelGuuds/src/services/authentication_handler_service/gen/proto/authentication_handler_service.pb.go:1295.9,1297.4 1 0
github.com/yoanyombapro1234/FeelGuuds/src/services/authentication_handler_service/gen/proto/authentication_handler_service.pb.go:1297.9,1299.4 1 0
github.com/yoanyombapro1234/FeelGuuds/src/services/authentication_handler_service/gen/proto/authentication_handler_service.pb.go:1301.18,1303.3 1 0
github.com/yoanyombapro1234/FeelGuuds/src/services/authentication_handler_service/gen/proto/authentication_handler_service.pb.go:1303.8,1303.24 1 1
github.com/yoanyombapro1234/FeelGuuds/src/services/authentication_handler_service/gen/proto/authentication_handler_service.pb.go:1303.24,1305.3 1 0
github.com/yoanyombapro1234/FeelGuuds/src/services/authentication_handler_service/gen/proto/authentication_handler_service.pb.go:1306.40,1308.3 1 0
github.com/yoanyombapro1234/FeelGuuds/src/services/authentication_handler_service/gen/proto/authentication_handler_service.pb.go:1309.31,1311.3 1 0
github.com/yoanyombapro1234/FeelGuuds/src/services/authentication_handler_service/gen/proto/authentication_handler_service.pb.go:1312.65,1314.3 1 0
github.com/yoanyombapro1234/FeelGuuds/src/services/authentication_handler_service/gen/proto/authentication_handler_service.pb.go:1317.70,1318.17 1 1
github.com/yoanyombapro1234/FeelGuuds/src/services/authentication_handler_service/gen/proto/authentication_handler_service.pb.go:1322.2,1323.9 2 1
github.com/yoanyombapro1234/FeelGuuds/src/services/authentication_handler_service/gen/proto/authentication_handler_service.pb.go:1331.2,1331.18 1 1
github.com/yoanyombapro1234/FeelGuuds/src/services/authentication_handler_service/gen/proto/authentication_handler_service.pb.go:1336.2,1336.31 1 1
github.com/yoanyombapro1234/FeelGuuds/src/services/authentication_handler_service/gen/proto/authentication_handler_service.pb.go:1339.2,1339.37 1 1
github.com/yoanyombapro1234/FeelGuuds/src/services/authentication_handler_service/gen/proto/authentication_handler_service.pb.go:1342.2,1342.65 1 1
github.com/yoanyombapro1234/FeelGuuds/src/services/authentication_handler_service/gen/proto/authentication_handler_service.pb.go:1345.2,1345.13 1 1
github.com/yoanyombapro1234/FeelGuuds/src/services/authentication_handler_service/gen/proto/authentication_handler_service.pb.go:1318.17,1320.3 1 0
github.com/yoanyombapro1234/FeelGuuds/src/services/authentication_handler_service/gen/proto/authentication_handler_service.pb.go:1323.9,1325.9 2 0
github.com/yoanyombapro1234/FeelGuuds/src/services/authentication_handler_service/gen/proto/authentication_handler_service.pb.go:1325.9,1327.4 1 0
github.com/yoanyombapro1234/FeelGuuds/src/services/authentication_handler_service/gen/proto/authentication_handler_service.pb.go:1327.9,1329.4 1 0
github.com/yoanyombapro1234/FeelGuuds/src/services/authentication_handler_service/gen/proto/authentication_handler_service.pb.go:1331.18,1333.3 1 0
github.com/yoanyombapro1234/FeelGuuds/src/services/authentication_handler_service/gen/proto/authentication_handler_service.pb.go:1333.8,1333.24 1 1
github.com/yoanyombapro1234/FeelGuuds/src/services/authentication_handler_service/gen/proto/authentication_handler_service.pb.go:1333.24,1335.3 1 0
github.com/yoanyombapro1234/FeelGuuds/src/services/authentication_handler_service/gen/proto/authentication_handler_service.pb.go:1336.31,1338.3 1 0
github.com/yoanyombapro1234/FeelGuuds/src/services/authentication_handler_service/gen/proto/authentication_handler_service.pb.go:1339.37,1341.3 1 0
github.com/yoanyombapro1234/FeelGuuds/src/services/authentication_handler_service/gen/proto/authentication_handler_service.pb.go:1342.65,1344.3 1 0
github.com/yoanyombapro1234/FeelGuuds/src/services/authentication_handler_service/gen/proto/authentication_handler_service.pb.go:1347.71,1348.17 1 1
github.com/yoanyombapro1234/FeelGuuds/src/services/authentication_handler_service/gen/proto/authentication_handler_service.pb.go:1352.2,1353.9 2 1
github.com/yoanyombapro1234/FeelGuuds/src/services/authentication_handler_service/gen/proto/authentication_handler_service.pb.go:1361.2,1361.18 1 1
github.com/yoanyombapro1234/FeelGuuds/src/services/authentication_handler_service/gen/proto/authentication_handler_service.pb.go:1366.2,1366.31 1 1
github.com/yoanyombapro1234/FeelGuuds/src/services/authentication_handler_service/gen/proto/authentication_handler_service.pb.go:1369.2,1369.31 1 1
github.com/yoanyombapro1234/FeelGuuds/src/services/authentication_handler_service/gen/proto/authentication_handler_service.pb.go:1372.2,1372.65 1 1
github.com/yoanyombapro1234/FeelGuuds/src/services/authentication_handler_service/gen/proto/authentication_handler_service.pb.go:1375.2,1375.13 1 1
github.com/yoanyombapro1234/FeelGuuds/src/services/authentication_handler_service/gen/proto/authentication_handler_service.pb.go:1348.17,1350.3 1 0
github.com/yoanyombapro1234/FeelGuuds/src/services/authentication_handler_service/gen/proto/authentication_handler_service.pb.go:1353.9,1355.9 2 0
github.com/yoanyombapro1234/FeelGuuds/src/services/authentication_handler_service/gen/proto/authentication_handler_service.pb.go:1355.9,1357.4 1 0
github.com/yoanyombapro1234/FeelGuuds/src/services/authentication_handler_service/gen/proto/authentication_handler_service.pb.go:1357.9,1359.4 1 0
github.com/yoanyombapro1234/FeelGuuds/src/services/authentication_handler_service/gen/proto/authentication_handler_service.pb.go:1361.18,1363.3 1 0
github.com/yoanyombapro1234/FeelGuuds/src/services/authentication_handler_service/gen/proto/authentication_handler_service.pb.go:1363.8,1363.24 1 1
github.com/yoanyombapro1234/FeelGuuds/src/services/authentication_handler_service/gen/proto/authentication_handler_service.pb.go:1363.24,1365.3 1 0
github.com/yoanyombapro1234/FeelGuuds/src/services/authentication_handler_service/gen/proto/authentication_handler_service.pb.go:1366.31,1368.3 1 0
github.com/yoanyombapro1234/FeelGuuds/src/services/authentication_handler_service/gen/proto/authentication_handler_service.pb.go:1369.31,1371.3 1 0
github.com/yoanyombapro1234/FeelGuuds/src/services/authentication_handler_service/gen/proto/authentication_handler_service.pb.go:1372.65,1374.3 1 0
github.com/yoanyombapro1234/FeelGuuds/src/services/authentication_handler_service/gen/proto/authentication_handler_service.pb.go:1377.64,1378.17 1 1
github.com/yoanyombapro1234/FeelGuuds/src/services/authentication_handler_service/gen/proto/authentication_handler_service.pb.go:1382.2,1383.9 2 1
github.com/yoanyombapro1234/FeelGuuds/src/services/authentication_handler_service/gen/proto/authentication_handler_service.pb.go:1391.2,1391.18 1 1
github.com/yoanyombapro1234/FeelGuuds/src/services/authentication_handler_service/gen/proto/authentication_handler_service.pb.go:1396.2,1396.25 1 1
github.com/yoanyombapro1234/FeelGuuds/src/services/authentication_handler_service/gen/proto/authentication_handler_service.pb.go:1399.2,1399.65 1 1
github.com/yoanyombapro1234/FeelGuuds/src/services/authentication_handler_service/gen/proto/authentication_handler_service.pb.go:1402.2,1402.13 1 1
github.com/yoanyombapro1234/FeelGuuds/src/services/authentication_handler_service/gen/proto/authentication_handler_service.pb.go:1378.17,1380.3 1 0
github.com/yoanyombapro1234/FeelGuuds/src/services/authentication_handler_service/gen/proto/authentication_handler_service.pb.go:1383.9,1385.9 2 0
github.com/yoanyombapro1234/FeelGuuds/src/services/authentication_handler_service/gen/proto/authentication_handler_service.pb.go:1385.9,1387.4 1 0
github.com/yoanyombapro1234/FeelGuuds/src/services/authentication_handler_service/gen/proto/authentication_handler_service.pb.go:1387.9,1389.4 1 0
github.com/yoanyombapro1234/FeelGuuds/src/services/authentication_handler_service/gen/proto/authentication_handler_service.pb.go:1391.18,1393.3 1 0
github.com/yoanyombapro1234/FeelGuuds/src/services/authentication_handler_service/gen/proto/authentication_handler_service.pb.go:1393.8,1393.24 1 1
github.com/yoanyombapro1234/FeelGuuds/src/services/authentication_handler_service/gen/proto/authentication_handler_service.pb.go:1393.24,1395.3 1 0
github.com/yoanyombapro1234/FeelGuuds/src/services/authentication_handler_service/gen/proto/authentication_handler_service.pb.go:1396.25,1398.3 1 0
github.com/yoanyombapro1234/FeelGuuds/src/services/authentication_handler_service/gen/proto/authentication_handler_service.pb.go:1399.65,1401.3 1 0
github.com/yoanyombapro1234/FeelGuuds/src/services/authentication_handler_service/gen/proto/authentication_handler_service.pb.go:1404.65,1405.17 1 1
github.com/yoanyombapro1234/FeelGuuds/src/services/authentication_handler_service/gen/proto/authentication_handler_service.pb.go:1409.2,1410.9 2 1
github.com/yoanyombapro1234/FeelGuuds/src/services/authentication_handler_service/gen/proto/authentication_handler_service.pb.go:1418.2,1418.18 1 1
github.com/yoanyombapro1234/FeelGuuds/src/services/authentication_handler_service/gen/proto/authentication_handler_service.pb.go:1423.2,1423.31 1 1
github.com/yoanyombapro1234/FeelGuuds/src/services/authentication_handler_service/gen/proto/authentication_handler_service.pb.go:1426.2,1426.65 1 1
github.com/yoanyombapro1234/FeelGuuds/src/services/authentication_handler_service/gen/proto/authentication_handler_service.pb.go:1429.2,1429.13 1 1
[...]
github.com/yoanyombapro1234/FeelGuuds/src/services/authentication_handler_service/pkg/api/echows.go:40.17,41.47 1 0
github.com/yoanyombapro1234/FeelGuuds/src/services/authentication_handler_service/pkg/api/echows.go:44.4,44.9 1 0
github.com/yoanyombapro1234/FeelGuuds/src/services/authentication_handler_service/pkg/api/echows.go:41.47,43.5 1 0
github.com/yoanyombapro1234/FeelGuuds/src/services/authentication_handler_service/pkg/api/echows.go:57.90,60.6 3 0
github.com/yoanyombapro1234/FeelGuuds/src/services/authentication_handler_service/pkg/api/echows.go:60.6,61.10 1 0
github.com/yoanyombapro1234/FeelGuuds/src/services/authentication_handler_service/pkg/api/echows.go:62.19,70.16 2 0
github.com/yoanyombapro1234/FeelGuuds/src/services/authentication_handler_service/pkg/api/echows.go:71.15,73.10 2 0
github.com/yoanyombapro1234/FeelGuuds/src/services/authentication_handler_service/pkg/api/echows.go:78.67,79.6 1 0
github.com/yoanyombapro1234/FeelGuuds/src/services/authentication_handler_service/pkg/api/echows.go:79.6,80.10 1 0
github.com/yoanyombapro1234/FeelGuuds/src/services/authentication_handler_service/pkg/api/echows.go:81.20,82.44 1 0
github.com/yoanyombapro1234/FeelGuuds/src/services/authentication_handler_service/pkg/api/echows.go:82.44,83.48 1 0
github.com/yoanyombapro1234/FeelGuuds/src/services/authentication_handler_service/pkg/api/echows.go:86.5,86.11 1 0
github.com/yoanyombapro1234/FeelGuuds/src/services/authentication_handler_service/pkg/api/echows.go:83.48,85.6 1 0
github.com/yoanyombapro1234/FeelGuuds/src/services/authentication_handler_service/pkg/api/env.go:17.69,19.2 1 0
github.com/yoanyombapro1234/FeelGuuds/src/services/authentication_handler_service/pkg/api/info.go:19.70,35.2 2 1
github.com/yoanyombapro1234/FeelGuuds/src/services/authentication_handler_service/pkg/api/mock.go:20.30,50.16 9 1
github.com/yoanyombapro1234/FeelGuuds/src/services/authentication_handler_service/pkg/api/mock.go:54.2,67.12 2 1
github.com/yoanyombapro1234/FeelGuuds/src/services/authentication_handler_service/pkg/api/mock.go:50.16,52.3 1 0
github.com/yoanyombapro1234/FeelGuuds/src/services/authentication_handler_service/pkg/api/mock.go:70.85,102.18 9 1
github.com/yoanyombapro1234/FeelGuuds/src/services/authentication_handler_service/pkg/api/mock.go:120.2,120.20 1 1
github.com/yoanyombapro1234/FeelGuuds/src/services/authentication_handler_service/pkg/api/mock.go:102.18,105.17 2 1
github.com/yoanyombapro1234/FeelGuuds/src/services/authentication_handler_service/pkg/api/mock.go:117.3,117.30 1 1
github.com/yoanyombapro1234/FeelGuuds/src/services/authentication_handler_service/pkg/api/mock.go:105.17,106.20 1 1
github.com/yoanyombapro1234/FeelGuuds/src/services/authentication_handler_service/pkg/api/mock.go:111.4,111.16 1 1
github.com/yoanyombapro1234/FeelGuuds/src/services/authentication_handler_service/pkg/api/mock.go:106.20,108.5 1 1
github.com/yoanyombapro1234/FeelGuuds/src/services/authentication_handler_service/pkg/api/mock.go:108.10,110.5 1 0
github.com/yoanyombapro1234/FeelGuuds/src/services/authentication_handler_service/pkg/api/mock.go:112.9,115.4 2 0
github.com/yoanyombapro1234/FeelGuuds/src/services/authentication_handler_service/pkg/api/mock.go:123.69,130.2 3 1
github.com/yoanyombapro1234/FeelGuuds/src/services/authentication_handler_service/pkg/api/mock.go:132.73,136.2 3 1
github.com/yoanyombapro1234/FeelGuuds/src/services/authentication_handler_service/pkg/api/mock.go:138.91,144.2 2 1
github.com/yoanyombapro1234/FeelGuuds/src/services/authentication_handler_service/pkg/api/panic.go:13.71,15.2 1 0
github.com/yoanyombapro1234/FeelGuuds/src/services/authentication_handler_service/pkg/api/server.go:94.106,102.2 2 0
github.com/yoanyombapro1234/FeelGuuds/src/services/authentication_handler_service/pkg/api/server.go:104.37,139.84 31 0
github.com/yoanyombapro1234/FeelGuuds/src/services/authentication_handler_service/pkg/api/server.go:139.84,141.17 2 0
github.com/yoanyombapro1234/FeelGuuds/src/services/authentication_handler_service/pkg/api/server.go:144.3,144.23 1 0
github.com/yoanyombapro1234/FeelGuuds/src/services/authentication_handler_service/pkg/api/server.go:141.17,143.4 1 0
github.com/yoanyombapro1234/FeelGuuds/src/services/authentication_handler_service/pkg/api/server.go:148.40,154.26 6 0
github.com/yoanyombapro1234/FeelGuuds/src/services/authentication_handler_service/pkg/api/server.go:158.2,158.26 1 0
github.com/yoanyombapro1234/FeelGuuds/src/services/authentication_handler_service/pkg/api/server.go:154.26,157.3 2 0
github.com/yoanyombapro1234/FeelGuuds/src/services/authentication_handler_service/pkg/api/server.go:158.26,160.3 1 0
github.com/yoanyombapro1234/FeelGuuds/src/services/authentication_handler_service/pkg/api/server.go:163.57,169.18 4 0
github.com/yoanyombapro1234/FeelGuuds/src/services/authentication_handler_service/pkg/api/server.go:178.2,178.75 1 0
github.com/yoanyombapro1234/FeelGuuds/src/services/authentication_handler_service/pkg/api/server.go:189.2,199.25 5 0
github.com/yoanyombapro1234/FeelGuuds/src/services/authentication_handler_service/pkg/api/server.go:202.2,202.23 1 0
github.com/yoanyombapro1234/FeelGuuds/src/services/authentication_handler_service/pkg/api/server.go:207.2,216.19 6 0
github.com/yoanyombapro1234/FeelGuuds/src/services/authentication_handler_service/pkg/api/server.go:220.2,224.41 2 0
github.com/yoanyombapro1234/FeelGuuds/src/services/authentication_handler_service/pkg/api/server.go:229.2,229.16 1 0
github.com/yoanyombapro1234/FeelGuuds/src/services/authentication_handler_service/pkg/api/server.go:236.2,236.22 1 0
github.com/yoanyombapro1234/FeelGuuds/src/services/authentication_handler_service/pkg/api/server.go:169.18,171.3 1 0
github.com/yoanyombapro1234/FeelGuuds/src/services/authentication_handler_service/pkg/api/server.go:171.8,173.3 1 0
github.com/yoanyombapro1234/FeelGuuds/src/services/authentication_handler_service/pkg/api/server.go:178.75,181.17 3 0
github.com/yoanyombapro1234/FeelGuuds/src/services/authentication_handler_service/pkg/api/server.go:181.17,183.4 1 0
github.com/yoanyombapro1234/FeelGuuds/src/services/authentication_handler_service/pkg/api/server.go:183.9,185.4 1 0
github.com/yoanyombapro1234/FeelGuuds/src/services/authentication_handler_service/pkg/api/server.go:199.25,201.3 1 0
github.com/yoanyombapro1234/FeelGuuds/src/services/authentication_handler_service/pkg/api/server.go:202.23,204.3 1 0
github.com/yoanyombapro1234/FeelGuuds/src/services/authentication_handler_service/pkg/api/server.go:216.19,218.3 1 0
github.com/yoanyombapro1234/FeelGuuds/src/services/authentication_handler_service/pkg/api/server.go:224.41,226.3 1 0
github.com/yoanyombapro1234/FeelGuuds/src/services/authentication_handler_service/pkg/api/server.go:229.16,230.43 1 0
github.com/yoanyombapro1234/FeelGuuds/src/services/authentication_handler_service/pkg/api/server.go:230.43,232.4 1 0
github.com/yoanyombapro1234/FeelGuuds/src/services/authentication_handler_service/pkg/api/server.go:236.22,237.49 1 0
github.com/yoanyombapro1234/FeelGuuds/src/services/authentication_handler_service/pkg/api/server.go:237.49,239.4 1 0
github.com/yoanyombapro1234/FeelGuuds/src/services/authentication_handler_service/pkg/api/server.go:243.45,246.26 1 0
github.com/yoanyombapro1234/FeelGuuds/src/services/authentication_handler_service/pkg/api/server.go:252.2,261.12 2 0
github.com/yoanyombapro1234/FeelGuuds/src/services/authentication_handler_service/pkg/api/server.go:268.2,268.12 1 0
github.com/yoanyombapro1234/FeelGuuds/src/services/authentication_handler_service/pkg/api/server.go:246.26,250.3 1 0
github.com/yoanyombapro1234/FeelGuuds/src/services/authentication_handler_service/pkg/api/server.go:261.12,262.63 1 0
github.com/yoanyombapro1234/FeelGuuds/src/services/authentication_handler_service/pkg/api/server.go:262.63,264.4 1 0
github.com/yoanyombapro1234/FeelGuuds/src/services/authentication_handler_service/pkg/api/server.go:271.51,274.32 1 0
github.com/yoanyombapro1234/FeelGuuds/src/services/authentication_handler_service/pkg/api/server.go:280.2,292.12 4 0
github.com/yoanyombapro1234/FeelGuuds/src/services/authentication_handler_service/pkg/api/server.go:299.2,299.12 1 0
github.com/yoanyombapro1234/FeelGuuds/src/services/authentication_handler_service/pkg/api/server.go:274.32,278.3 1 0
github.com/yoanyombapro1234/FeelGuuds/src/services/authentication_handler_service/pkg/api/server.go:292.12,293.75 1 0
github.com/yoanyombapro1234/FeelGuuds/src/services/authentication_handler_service/pkg/api/server.go:293.75,295.4 1 0
github.com/yoanyombapro1234/FeelGuuds/src/services/authentication_handler_service/pkg/api/server.go:302.39,303.30 1 0
github.com/yoanyombapro1234/FeelGuuds/src/services/authentication_handler_service/pkg/api/server.go:303.30,306.75 3 0
github.com/yoanyombapro1234/FeelGuuds/src/services/authentication_handler_service/pkg/api/server.go:311.3,316.23 2 0
github.com/yoanyombapro1234/FeelGuuds/src/services/authentication_handler_service/pkg/api/server.go:306.75,309.4 2 0
github.com/yoanyombapro1234/FeelGuuds/src/services/authentication_handler_service/pkg/api/server.go:320.32,321.89 1 0
github.com/yoanyombapro1234/FeelGuuds/src/services/authentication_handler_service/pkg/api/server.go:321.89,323.17 2 0
github.com/yoanyombapro1234/FeelGuuds/src/services/authentication_handler_service/pkg/api/server.go:326.3,327.17 2 0
github.com/yoanyombapro1234/FeelGuuds/src/services/authentication_handler_service/pkg/api/server.go:330.3,331.17 2 0
github.com/yoanyombapro1234/FeelGuuds/src/services/authentication_handler_service/pkg/api/server.go:334.3,335.17 2 0
github.com/yoanyombapro1234/FeelGuuds/src/services/authentication_handler_service/pkg/api/server.go:338.3,339.17 2 0
github.com/yoanyombapro1234/FeelGuuds/src/services/authentication_handler_service/pkg/api/server.go:342.3,343.13 2 0
github.com/yoanyombapro1234/FeelGuuds/src/services/authentication_handler_service/pkg/api/server.go:323.17,325.4 1 0
github.com/yoanyombapro1234/FeelGuuds/src/services/authentication_handler_service/pkg/api/server.go:327.17,329.4 1 0
github.com/yoanyombapro1234/FeelGuuds/src/services/authentication_handler_service/pkg/api/server.go:331.17,333.4 1 0
github.com/yoanyombapro1234/FeelGuuds/src/services/authentication_handler_service/pkg/api/server.go:335.17,337.4 1 0
github.com/yoanyombapro1234/FeelGuuds/src/services/authentication_handler_service/pkg/api/server.go:339.17,341.4 1 0
github.com/yoanyombapro1234/FeelGuuds/src/services/authentication_handler_service/pkg/api/token.go:27.79,29.16 2 0
github.com/yoanyombapro1234/FeelGuuds/src/services/authentication_handler_service/pkg/api/token.go:34.2,37.19 3 0
github.com/yoanyombapro1234/FeelGuuds/src/services/authentication_handler_service/pkg/api/token.go:41.2,51.16 4 0
github.com/yoanyombapro1234/FeelGuuds/src/services/authentication_handler_service/pkg/api/token.go:56.2,61.30 2 0
github.com/yoanyombapro1234/FeelGuuds/src/services/authentication_handler_service/pkg/api/token.go:29.16,33.3 3 0
github.com/yoanyombapro1234/FeelGuuds/src/services/authentication_handler_service/pkg/api/token.go:37.19,39.3 1 0
github.com/yoanyombapro1234/FeelGuuds/src/services/authentication_handler_service/pkg/api/token.go:51.16,54.3 2 0
github.com/yoanyombapro1234/FeelGuuds/src/services/authentication_handler_service/pkg/api/token.go:75.79,77.31 2 0
github.com/yoanyombapro1234/FeelGuuds/src/services/authentication_handler_service/pkg/api/token.go:81.2,82.74 2 0
github.com/yoanyombapro1234/FeelGuuds/src/services/authentication_handler_service/pkg/api/token.go:87.2,88.105 2 0
github.com/yoanyombapro1234/FeelGuuds/src/services/authentication_handler_service/pkg/api/token.go:94.2,94.16 1 0
github.com/yoanyombapro1234/FeelGuuds/src/services/authentication_handler_service/pkg/api/token.go:99.2,99.17 1 0
github.com/yoanyombapro1234/FeelGuuds/src/services/authentication_handler_service/pkg/api/token.go:77.31,80.3 2 0
github.com/yoanyombapro1234/FeelGuuds/src/services/authentication_handler_service/pkg/api/token.go:82.74,85.3 2 0
github.com/yoanyombapro1234/FeelGuuds/src/services/authentication_handler_service/pkg/api/token.go:88.105,89.58 1 0
github.com/yoanyombapro1234/FeelGuuds/src/services/authentication_handler_service/pkg/api/token.go:92.3,92.41 1 0
github.com/yoanyombapro1234/FeelGuuds/src/services/authentication_handler_service/pkg/api/token.go:89.58,91.4 1 0
github.com/yoanyombapro1234/FeelGuuds/src/services/authentication_handler_service/pkg/api/token.go:94.16,97.3 2 0
github.com/yoanyombapro1234/FeelGuuds/src/services/authentication_handler_service/pkg/api/token.go:99.17,100.48 1 0
github.com/yoanyombapro1234/FeelGuuds/src/services/authentication_handler_service/pkg/api/token.go:100.48,102.4 1 0
github.com/yoanyombapro1234/FeelGuuds/src/services/authentication_handler_service/pkg/api/token.go:102.9,108.4 2 0
github.com/yoanyombapro1234/FeelGuuds/src/services/authentication_handler_service/pkg/api/token.go:109.8,111.3 1 0
github.com/yoanyombapro1234/FeelGuuds/src/services/authentication_handler_service/pkg/api/configs.go:5.76,7.20 2 0
github.com/yoanyombapro1234/FeelGuuds/src/services/authentication_handler_service/pkg/api/configs.go:14.2,14.29 1 0
github.com/yoanyombapro1234/FeelGuuds/src/services/authentication_handler_service/pkg/api/configs.go:7.20,8.69 1 0
github.com/yoanyombapro1234/FeelGuuds/src/services/authentication_handler_service/pkg/api/configs.go:8.69,11.4 2 0
github.com/yoanyombapro1234/FeelGuuds/src/services/authentication_handler_service/pkg/api/delay.go:19.96,25.2 1 0
github.com/yoanyombapro1234/FeelGuuds/src/services/authentication_handler_service/pkg/api/delay.go:27.73,28.71 1 0
github.com/yoanyombapro1234/FeelGuuds/src/services/authentication_handler_service/pkg/api/delay.go:28.71,31.17 3 0
github.com/yoanyombapro1234/FeelGuuds/src/services/authentication_handler_service/pkg/api/delay.go:40.3,42.23 3 0
github.com/yoanyombapro1234/FeelGuuds/src/services/authentication_handler_service/pkg/api/delay.go:32.12,33.22 1 0
github.com/yoanyombapro1234/FeelGuuds/src/services/authentication_handler_service/pkg/api/delay.go:34.13,35.27 1 0
github.com/yoanyombapro1234/FeelGuuds/src/services/authentication_handler_service/pkg/api/delay.go:36.11,37.22 1 0
github.com/yoanyombapro1234/FeelGuuds/src/services/authentication_handler_service/pkg/api/delay.go:54.71,58.16 3 1
github.com/yoanyombapro1234/FeelGuuds/src/services/authentication_handler_service/pkg/api/delay.go:63.2,65.54 2 1
github.com/yoanyombapro1234/FeelGuuds/src/services/authentication_handler_service/pkg/api/delay.go:58.16,61.3 2 0
github.com/yoanyombapro1234/FeelGuuds/src/services/authentication_handler_service/pkg/api/http.go:15.60,16.71 1 0
github.com/yoanyombapro1234/FeelGuuds/src/services/authentication_handler_service/pkg/api/http.go:16.71,18.26 2 0
github.com/yoanyombapro1234/FeelGuuds/src/services/authentication_handler_service/pkg/api/http.go:24.3,24.23 1 0
github.com/yoanyombapro1234/FeelGuuds/src/services/authentication_handler_service/pkg/api/http.go:18.26,23.4 3 0
github.com/yoanyombapro1234/FeelGuuds/src/services/authentication_handler_service/pkg/api/http.go:28.56,29.71 1 0
github.com/yoanyombapro1234/FeelGuuds/src/services/authentication_handler_service/pkg/api/http.go:29.71,34.3 3 0
github.com/yoanyombapro1234/FeelGuuds/src/services/authentication_handler_service/pkg/api/http.go:39.63,50.25 2 0
github.com/yoanyombapro1234/FeelGuuds/src/services/authentication_handler_service/pkg/api/http.go:50.25,52.27 2 0
github.com/yoanyombapro1234/FeelGuuds/src/services/authentication_handler_service/pkg/api/http.go:52.27,54.4 1 0
github.com/yoanyombapro1234/FeelGuuds/src/services/authentication_handler_service/pkg/api/http.go:58.91,60.16 2 1
github.com/yoanyombapro1234/FeelGuuds/src/services/authentication_handler_service/pkg/api/http.go:66.2,69.27 4 1
github.com/yoanyombapro1234/FeelGuuds/src/services/authentication_handler_service/pkg/api/http.go:60.16,64.3 3 0
github.com/yoanyombapro1234/FeelGuuds/src/services/authentication_handler_service/pkg/api/http.go:72.113,74.16 2 1
github.com/yoanyombapro1234/FeelGuuds/src/services/authentication_handler_service/pkg/api/http.go:80.2,83.27 4 1
github.com/yoanyombapro1234/FeelGuuds/src/services/authentication_handler_service/pkg/api/http.go:74.16,78.3 3 0
github.com/yoanyombapro1234/FeelGuuds/src/services/authentication_handler_service/pkg/api/http.go:86.96,96.16 3 0
github.com/yoanyombapro1234/FeelGuuds/src/services/authentication_handler_service/pkg/api/http.go:102.2,105.27 4 0
github.com/yoanyombapro1234/FeelGuuds/src/services/authentication_handler_service/pkg/api/http.go:96.16,100.3 3 0
github.com/yoanyombapro1234/FeelGuuds/src/services/authentication_handler_service/pkg/api/http.go:108.34,112.2 3 1
github.com/yoanyombapro1234/FeelGuuds/src/services/authentication_handler_service/pkg/api/logging.go:14.72,18.2 1 0
github.com/yoanyombapro1234/FeelGuuds/src/services/authentication_handler_service/pkg/api/logging.go:20.69,21.71 1 0
github.com/yoanyombapro1234/FeelGuuds/src/services/authentication_handler_service/pkg/api/logging.go:21.71,31.3 2 0
github.com/yoanyombapro1234/FeelGuuds/src/services/authentication_handler_service/pkg/api/echo.go:24.70,26.16 2 1
github.com/yoanyombapro1234/FeelGuuds/src/services/authentication_handler_service/pkg/api/echo.go:31.2,32.34 2 1
github.com/yoanyombapro1234/FeelGuuds/src/services/authentication_handler_service/pkg/api/echo.go:26.16,30.3 3 0
github.com/yoanyombapro1234/FeelGuuds/src/services/authentication_handler_service/pkg/api/echo.go:32.34,36.41 4 0
github.com/yoanyombapro1234/FeelGuuds/src/services/authentication_handler_service/pkg/api/echo.go:89.3,92.31 3 0
github.com/yoanyombapro1234/FeelGuuds/src/services/authentication_handler_service/pkg/api/echo.go:36.41,37.39 1 0
github.com/yoanyombapro1234/FeelGuuds/src/services/authentication_handler_service/pkg/api/echo.go:37.39,40.19 3 0
github.com/yoanyombapro1234/FeelGuuds/src/services/authentication_handler_service/pkg/api/echo.go:46.5,56.19 7 0
github.com/yoanyombapro1234/FeelGuuds/src/services/authentication_handler_service/pkg/api/echo.go:61.5,64.31 2 0
github.com/yoanyombapro1234/FeelGuuds/src/services/authentication_handler_service/pkg/api/echo.go:71.5,72.19 2 0
github.com/yoanyombapro1234/FeelGuuds/src/services/authentication_handler_service/pkg/api/echo.go:81.5,86.34 2 0
github.com/yoanyombapro1234/FeelGuuds/src/services/authentication_handler_service/pkg/api/echo.go:40.19,43.6 2 0
github.com/yoanyombapro1234/FeelGuuds/src/services/authentication_handler_service/pkg/api/echo.go:56.19,60.6 3 0
github.com/yoanyombapro1234/FeelGuuds/src/services/authentication_handler_service/pkg/api/echo.go:64.31,68.6 3 0
github.com/yoanyombapro1234/FeelGuuds/src/services/authentication_handler_service/pkg/api/echo.go:72.19,79.6 3 0
github.com/yoanyombapro1234/FeelGuuds/src/services/authentication_handler_service/pkg/api/echo.go:94.8,98.3 3 1
github.com/yoanyombapro1234/FeelGuuds/src/services/authentication_handler_service/pkg/api/headers.go:15.77,17.2 1 1
github.com/yoanyombapro1234/FeelGuuds/src/services/authentication_handler_service/pkg/api/store.go:22.76,25.16 2 0
github.com/yoanyombapro1234/FeelGuuds/src/services/authentication_handler_service/pkg/api/store.go:30.2,32.16 3 0
github.com/yoanyombapro1234/FeelGuuds/src/services/authentication_handler_service/pkg/api/store.go:37.2,37.80 1 0
github.com/yoanyombapro1234/FeelGuuds/src/services/authentication_handler_service/pkg/api/store.go:25.16,28.3 2 0
github.com/yoanyombapro1234/FeelGuuds/src/services/authentication_handler_service/pkg/api/store.go:32.16,36.3 3 0
github.com/yoanyombapro1234/FeelGuuds/src/services/authentication_handler_service/pkg/api/store.go:48.75,51.16 3 0
github.com/yoanyombapro1234/FeelGuuds/src/services/authentication_handler_service/pkg/api/store.go:56.2,57.26 2 0
github.com/yoanyombapro1234/FeelGuuds/src/services/authentication_handler_service/pkg/api/store.go:51.16,55.3 3 0
github.com/yoanyombapro1234/FeelGuuds/src/services/authentication_handler_service/pkg/api/store.go:60.32,64.2 3 0
